<?xml version="1.0" encoding="UTF-8"?>
<robot generator="Robot 6.0.2 (Python 3.11.8 on darwin)" generated="20260201 00:41:59.012" rpa="false" schemaversion="3">
<suite id="s1" name="SimpleShoppingExample" source="/Users/r0n01gu/Documents/QA-Automation-Repo/DSAR-CANADA-E2E-Automation/AI-Self-Healing-Tests/SimpleShoppingExample.robot">
<kw name="Setup Test Environment" type="SETUP">
<doc>Sets up test environment and loads configuration</doc>
<kw name="Run Keyword And Return Status" library="BuiltIn">
<var>${config_exists}</var>
<arg>File Should Exist</arg>
<arg>/Users/r0n01gu/Documents/QA-Automation-Repo/DSAR-CANADA-E2E-Automation/AI-Self-Healing-Tests/config.py</arg>
<doc>Runs the given keyword with given arguments and returns the status as a Boolean value.</doc>
<kw name="File Should Exist" library="OperatingSystem">
<arg>/Users/r0n01gu/Documents/QA-Automation-Repo/DSAR-CANADA-E2E-Automation/AI-Self-Healing-Tests/config.py</arg>
<doc>Fails unless the given ``path`` points to an existing file.</doc>
<msg timestamp="20260201 00:41:59.852" level="INFO" html="true">File '&lt;a href="file:///Users/r0n01gu/Documents/QA-Automation-Repo/DSAR-CANADA-E2E-Automation/AI-Self-Healing-Tests/config.py"&gt;/Users/r0n01gu/Documents/QA-Automation-Repo/DSAR-CANADA-E2E-Automation/AI-Self-Healing-Tests/config.py&lt;/a&gt;' exists.</msg>
<status status="PASS" starttime="20260201 00:41:59.852" endtime="20260201 00:41:59.852"/>
</kw>
<msg timestamp="20260201 00:41:59.852" level="INFO">${config_exists} = True</msg>
<status status="PASS" starttime="20260201 00:41:59.852" endtime="20260201 00:41:59.852"/>
</kw>
<if>
<branch type="IF" condition="${config_exists}">
<kw name="Log" library="BuiltIn">
<arg>📋 Loading AI configuration from config.py</arg>
<arg>console=True</arg>
<doc>Logs the given message with the given level.</doc>
<msg timestamp="20260201 00:41:59.852" level="INFO">📋 Loading AI configuration from config.py</msg>
<status status="PASS" starttime="20260201 00:41:59.852" endtime="20260201 00:41:59.852"/>
</kw>
<kw name="Check Real AI Configuration">
<var>${config_status}</var>
<doc>Tests if real AI is properly configured by making a test call</doc>
<kw name="Evaluate" library="BuiltIn">
<var>${config_data}</var>
<arg>exec(open('/Users/r0n01gu/Documents/QA-Automation-Repo/DSAR-CANADA-E2E-Automation/AI-Self-Healing-Tests/config.py').read()) or AI_CONFIG</arg>
<arg>modules=sys</arg>
<doc>Evaluates the given expression in Python and returns the result.</doc>
<msg timestamp="20260201 00:41:59.857" level="INFO">${config_data} = {'api_key': 'eyJzZ252ZXIiOiIxIiwiYWxnIjoiSFMyNTYiLCJ0eXAiOiJKV1QifQ.eyJqdGkiOiIxMTA5MiIsInN1YiI6IjE3IiwiaXNzIjoiV01UTExNR0FURVdBWS1TVEciLCJhY3QiOiJyMG4wMWd1IiwidHlwZSI6IlVTUiIsImlhdCI6MTc2ODkxNzU2Miwi...</msg>
<status status="PASS" starttime="20260201 00:41:59.852" endtime="20260201 00:41:59.857"/>
</kw>
<kw name="Get From Dictionary" library="Collections">
<var>${current_token}</var>
<arg>${config_data}</arg>
<arg>api_key</arg>
<doc>Returns a value from the given ``dictionary`` based on the given ``key``.</doc>
<msg timestamp="20260201 00:41:59.857" level="INFO">${current_token} = eyJzZ252ZXIiOiIxIiwiYWxnIjoiSFMyNTYiLCJ0eXAiOiJKV1QifQ.eyJqdGkiOiIxMTA5MiIsInN1YiI6IjE3IiwiaXNzIjoiV01UTExNR0FURVdBWS1TVEciLCJhY3QiOiJyMG4wMWd1IiwidHlwZSI6IlVTUiIsImlhdCI6MTc2ODkxNzU2MiwiZXhwIjoxNzc0M...</msg>
<status status="PASS" starttime="20260201 00:41:59.857" endtime="20260201 00:41:59.857"/>
</kw>
<kw name="Log" library="BuiltIn">
<arg>🧪 Testing AI Gateway connection...</arg>
<arg>console=True</arg>
<doc>Logs the given message with the given level.</doc>
<msg timestamp="20260201 00:41:59.857" level="INFO">🧪 Testing AI Gateway connection...</msg>
<status status="PASS" starttime="20260201 00:41:59.857" endtime="20260201 00:41:59.857"/>
</kw>
<kw name="Get Length" library="BuiltIn">
<var>${token_length}</var>
<arg>${current_token}</arg>
<doc>Returns and logs the length of the given item as an integer.</doc>
<msg timestamp="20260201 00:41:59.857" level="INFO">Length is 253</msg>
<msg timestamp="20260201 00:41:59.857" level="INFO">${token_length} = 253</msg>
<status status="PASS" starttime="20260201 00:41:59.857" endtime="20260201 00:41:59.857"/>
</kw>
<if>
<branch type="IF" condition="${token_length} &gt; 50">
<kw name="Log" library="BuiltIn">
<arg>✅ JWT token found - attempting real AI connection</arg>
<arg>console=True</arg>
<doc>Logs the given message with the given level.</doc>
<msg timestamp="20260201 00:41:59.857" level="INFO">✅ JWT token found - attempting real AI connection</msg>
<status status="PASS" starttime="20260201 00:41:59.857" endtime="20260201 00:41:59.857"/>
</kw>
<return>
<value>${True}</value>
<status status="PASS" starttime="20260201 00:41:59.857" endtime="20260201 00:41:59.858"/>
</return>
<status status="PASS" starttime="20260201 00:41:59.857" endtime="20260201 00:41:59.858"/>
</branch>
<branch type="ELSE">
<kw name="Log" library="BuiltIn">
<arg>⚠️ No valid JWT token configured</arg>
<arg>console=True</arg>
<doc>Logs the given message with the given level.</doc>
<status status="NOT RUN" starttime="20260201 00:41:59.858" endtime="20260201 00:41:59.858"/>
</kw>
<return>
<value>${False}</value>
<status status="NOT RUN" starttime="20260201 00:41:59.858" endtime="20260201 00:41:59.858"/>
</return>
<status status="NOT RUN" starttime="20260201 00:41:59.858" endtime="20260201 00:41:59.858"/>
</branch>
<status status="PASS" starttime="20260201 00:41:59.857" endtime="20260201 00:41:59.858"/>
</if>
<msg timestamp="20260201 00:41:59.858" level="INFO">${config_status} = True</msg>
<status status="PASS" starttime="20260201 00:41:59.852" endtime="20260201 00:41:59.858"/>
</kw>
<if>
<branch type="IF" condition="${config_status}">
<kw name="Log" library="BuiltIn">
<arg>✅ Real AI configuration loaded successfully</arg>
<arg>console=True</arg>
<doc>Logs the given message with the given level.</doc>
<msg timestamp="20260201 00:41:59.858" level="INFO">✅ Real AI configuration loaded successfully</msg>
<status status="PASS" starttime="20260201 00:41:59.858" endtime="20260201 00:41:59.858"/>
</kw>
<status status="PASS" starttime="20260201 00:41:59.858" endtime="20260201 00:41:59.858"/>
</branch>
<branch type="ELSE">
<kw name="Log" library="BuiltIn">
<arg>⚠️ Running in demo mode - real AI not configured</arg>
<arg>console=True</arg>
<doc>Logs the given message with the given level.</doc>
<status status="NOT RUN" starttime="20260201 00:41:59.858" endtime="20260201 00:41:59.858"/>
</kw>
<status status="NOT RUN" starttime="20260201 00:41:59.858" endtime="20260201 00:41:59.858"/>
</branch>
<status status="PASS" starttime="20260201 00:41:59.858" endtime="20260201 00:41:59.858"/>
</if>
<status status="PASS" starttime="20260201 00:41:59.852" endtime="20260201 00:41:59.858"/>
</branch>
<status status="PASS" starttime="20260201 00:41:59.852" endtime="20260201 00:41:59.858"/>
</if>
<kw name="Open Browser" library="SeleniumLibrary">
<arg>about:blank</arg>
<arg>chrome</arg>
<doc>Opens a new browser instance to the optional ``url``.</doc>
<msg timestamp="20260201 00:41:59.858" level="INFO">Opening browser 'chrome' to base url 'about:blank'.</msg>
<status status="PASS" starttime="20260201 00:41:59.858" endtime="20260201 00:42:01.916"/>
</kw>
<kw name="Log" library="BuiltIn">
<arg>🚀 Test environment ready</arg>
<arg>console=True</arg>
<doc>Logs the given message with the given level.</doc>
<msg timestamp="20260201 00:42:01.917" level="INFO">🚀 Test environment ready</msg>
<status status="PASS" starttime="20260201 00:42:01.917" endtime="20260201 00:42:01.917"/>
</kw>
<status status="PASS" starttime="20260201 00:41:59.852" endtime="20260201 00:42:01.917"/>
</kw>
<test id="s1-t1" name="REAL AI Shopping Test - Walmart Corporate Integration" line="106">
<kw name="Log" library="BuiltIn">
<arg>🏢 REAL AI SHOPPING TEST - Walmart Corporate Integration</arg>
<arg>console=True</arg>
<doc>Logs the given message with the given level.</doc>
<msg timestamp="20260201 00:42:01.917" level="INFO">🏢 REAL AI SHOPPING TEST - Walmart Corporate Integration</msg>
<status status="PASS" starttime="20260201 00:42:01.917" endtime="20260201 00:42:01.917"/>
</kw>
<kw name="Log" library="BuiltIn">
<arg>================================================================</arg>
<arg>console=True</arg>
<doc>Logs the given message with the given level.</doc>
<msg timestamp="20260201 00:42:01.918" level="INFO">================================================================</msg>
<status status="PASS" starttime="20260201 00:42:01.917" endtime="20260201 00:42:01.918"/>
</kw>
<kw name="Log" library="BuiltIn">
<arg>🤖 Using actual Walmart AI Gateway with JWT authentication</arg>
<arg>console=True</arg>
<doc>Logs the given message with the given level.</doc>
<msg timestamp="20260201 00:42:01.918" level="INFO">🤖 Using actual Walmart AI Gateway with JWT authentication</msg>
<status status="PASS" starttime="20260201 00:42:01.918" endtime="20260201 00:42:01.918"/>
</kw>
<kw name="Check Real AI Configuration">
<var>${ai_configured}</var>
<doc>Tests if real AI is properly configured by making a test call</doc>
<kw name="Evaluate" library="BuiltIn">
<var>${config_data}</var>
<arg>exec(open('/Users/r0n01gu/Documents/QA-Automation-Repo/DSAR-CANADA-E2E-Automation/AI-Self-Healing-Tests/config.py').read()) or AI_CONFIG</arg>
<arg>modules=sys</arg>
<doc>Evaluates the given expression in Python and returns the result.</doc>
<msg timestamp="20260201 00:42:01.921" level="INFO">${config_data} = {'api_key': 'eyJzZ252ZXIiOiIxIiwiYWxnIjoiSFMyNTYiLCJ0eXAiOiJKV1QifQ.eyJqdGkiOiIxMTA5MiIsInN1YiI6IjE3IiwiaXNzIjoiV01UTExNR0FURVdBWS1TVEciLCJhY3QiOiJyMG4wMWd1IiwidHlwZSI6IlVTUiIsImlhdCI6MTc2ODkxNzU2Miwi...</msg>
<status status="PASS" starttime="20260201 00:42:01.918" endtime="20260201 00:42:01.921"/>
</kw>
<kw name="Get From Dictionary" library="Collections">
<var>${current_token}</var>
<arg>${config_data}</arg>
<arg>api_key</arg>
<doc>Returns a value from the given ``dictionary`` based on the given ``key``.</doc>
<msg timestamp="20260201 00:42:01.921" level="INFO">${current_token} = eyJzZ252ZXIiOiIxIiwiYWxnIjoiSFMyNTYiLCJ0eXAiOiJKV1QifQ.eyJqdGkiOiIxMTA5MiIsInN1YiI6IjE3IiwiaXNzIjoiV01UTExNR0FURVdBWS1TVEciLCJhY3QiOiJyMG4wMWd1IiwidHlwZSI6IlVTUiIsImlhdCI6MTc2ODkxNzU2MiwiZXhwIjoxNzc0M...</msg>
<status status="PASS" starttime="20260201 00:42:01.921" endtime="20260201 00:42:01.921"/>
</kw>
<kw name="Log" library="BuiltIn">
<arg>🧪 Testing AI Gateway connection...</arg>
<arg>console=True</arg>
<doc>Logs the given message with the given level.</doc>
<msg timestamp="20260201 00:42:01.921" level="INFO">🧪 Testing AI Gateway connection...</msg>
<status status="PASS" starttime="20260201 00:42:01.921" endtime="20260201 00:42:01.921"/>
</kw>
<kw name="Get Length" library="BuiltIn">
<var>${token_length}</var>
<arg>${current_token}</arg>
<doc>Returns and logs the length of the given item as an integer.</doc>
<msg timestamp="20260201 00:42:01.921" level="INFO">Length is 253</msg>
<msg timestamp="20260201 00:42:01.921" level="INFO">${token_length} = 253</msg>
<status status="PASS" starttime="20260201 00:42:01.921" endtime="20260201 00:42:01.921"/>
</kw>
<if>
<branch type="IF" condition="${token_length} &gt; 50">
<kw name="Log" library="BuiltIn">
<arg>✅ JWT token found - attempting real AI connection</arg>
<arg>console=True</arg>
<doc>Logs the given message with the given level.</doc>
<msg timestamp="20260201 00:42:01.921" level="INFO">✅ JWT token found - attempting real AI connection</msg>
<status status="PASS" starttime="20260201 00:42:01.921" endtime="20260201 00:42:01.921"/>
</kw>
<return>
<value>${True}</value>
<status status="PASS" starttime="20260201 00:42:01.921" endtime="20260201 00:42:01.921"/>
</return>
<status status="PASS" starttime="20260201 00:42:01.921" endtime="20260201 00:42:01.921"/>
</branch>
<branch type="ELSE">
<kw name="Log" library="BuiltIn">
<arg>⚠️ No valid JWT token configured</arg>
<arg>console=True</arg>
<doc>Logs the given message with the given level.</doc>
<status status="NOT RUN" starttime="20260201 00:42:01.921" endtime="20260201 00:42:01.921"/>
</kw>
<return>
<value>${False}</value>
<status status="NOT RUN" starttime="20260201 00:42:01.921" endtime="20260201 00:42:01.921"/>
</return>
<status status="NOT RUN" starttime="20260201 00:42:01.921" endtime="20260201 00:42:01.921"/>
</branch>
<status status="PASS" starttime="20260201 00:42:01.921" endtime="20260201 00:42:01.921"/>
</if>
<msg timestamp="20260201 00:42:01.921" level="INFO">${ai_configured} = True</msg>
<status status="PASS" starttime="20260201 00:42:01.918" endtime="20260201 00:42:01.921"/>
</kw>
<if>
<branch type="IF" condition="not ${ai_configured}">
<kw name="Log" library="BuiltIn">
<arg>⚠️ Real AI not configured - using demo mode</arg>
<arg>console=True</arg>
<doc>Logs the given message with the given level.</doc>
<status status="NOT RUN" starttime="20260201 00:42:01.921" endtime="20260201 00:42:01.921"/>
</kw>
<kw name="Skip" library="BuiltIn">
<arg>Real AI test requires valid JWT token configuration</arg>
<doc>Skips the rest of the current test.</doc>
<status status="NOT RUN" starttime="20260201 00:42:01.922" endtime="20260201 00:42:01.922"/>
</kw>
<status status="NOT RUN" starttime="20260201 00:42:01.921" endtime="20260201 00:42:01.922"/>
</branch>
<status status="PASS" starttime="20260201 00:42:01.921" endtime="20260201 00:42:01.922"/>
</if>
<kw name="Go To" library="SeleniumLibrary">
<arg>${SHOP_CHANGED}</arg>
<doc>Navigates the current browser window to the provided ``url``.</doc>
<msg timestamp="20260201 00:42:01.922" level="INFO">Opening url 'file:///Users/r0n01gu/Documents/QA-Automation-Repo/DSAR-CANADA-E2E-Automation/AI-Self-Healing-Tests/shop_page_changed.html'</msg>
<status status="PASS" starttime="20260201 00:42:01.922" endtime="20260201 00:42:01.973"/>
</kw>
<kw name="Log" library="BuiltIn">
<arg>🏪 Testing REAL AI on challenging changed page</arg>
<arg>console=True</arg>
<doc>Logs the given message with the given level.</doc>
<msg timestamp="20260201 00:42:01.973" level="INFO">🏪 Testing REAL AI on challenging changed page</msg>
<status status="PASS" starttime="20260201 00:42:01.973" endtime="20260201 00:42:01.973"/>
</kw>
<kw name="Log" library="BuiltIn">
<arg>🧠 Activating REAL AI for search box detection...</arg>
<arg>console=True</arg>
<doc>Logs the given message with the given level.</doc>
<msg timestamp="20260201 00:42:01.973" level="INFO">🧠 Activating REAL AI for search box detection...</msg>
<status status="PASS" starttime="20260201 00:42:01.973" endtime="20260201 00:42:01.973"/>
</kw>
<kw name="Real AI Find Element">
<var>${search_locator}</var>
<arg>search input field</arg>
<doc>Uses actual Walmart AI Gateway to find page elements</doc>
<kw name="Log" library="BuiltIn">
<arg>🤖 REAL AI: Analyzing page for ${element_description}</arg>
<arg>console=True</arg>
<doc>Logs the given message with the given level.</doc>
<msg timestamp="20260201 00:42:01.974" level="INFO">🤖 REAL AI: Analyzing page for search input field</msg>
<status status="PASS" starttime="20260201 00:42:01.973" endtime="20260201 00:42:01.974"/>
</kw>
<kw name="Get Source" library="SeleniumLibrary">
<var>${page_source}</var>
<doc>Returns the entire HTML source of the current page or frame.</doc>
<msg timestamp="20260201 00:42:01.980" level="INFO">${page_source} = &lt;html lang="en"&gt;&lt;head&gt;
    &lt;meta charset="UTF-8"&gt;
    &lt;meta name="viewport" content="width=device-width, initial-scale=1.0"&gt;
    &lt;title&gt;Simple Online Shop - Changed Version&lt;/title&gt;
    &lt;style&gt;
       ...</msg>
<status status="PASS" starttime="20260201 00:42:01.974" endtime="20260201 00:42:01.980"/>
</kw>
<kw name="Get Title" library="SeleniumLibrary">
<var>${page_title}</var>
<doc>Returns the title of the current page.</doc>
<msg timestamp="20260201 00:42:01.986" level="INFO">${page_title} = Simple Online Shop - Changed Version</msg>
<status status="PASS" starttime="20260201 00:42:01.980" endtime="20260201 00:42:01.986"/>
</kw>
<kw name="Get Location" library="SeleniumLibrary">
<var>${current_url}</var>
<doc>Returns the current browser window URL.</doc>
<msg timestamp="20260201 00:42:01.989" level="INFO">${current_url} = file:///Users/r0n01gu/Documents/QA-Automation-Repo/DSAR-CANADA-E2E-Automation/AI-Self-Healing-Tests/shop_page_changed.html</msg>
<status status="PASS" starttime="20260201 00:42:01.986" endtime="20260201 00:42:01.989"/>
</kw>
<kw name="Set Variable" library="BuiltIn">
<var>${ai_prompt}</var>
<arg>You are a web automation expert. Analyze this HTML page and suggest 3-5 CSS selectors or XPath expressions to find a "${element_description}".</arg>
<arg>Page Context:</arg>
<arg>- URL: ${current_url}</arg>
<arg>- Title: ${page_title}</arg>
<arg>- Task: Find ${element_description}</arg>
<arg>HTML Source:</arg>
<arg>${page_source}</arg>
<arg>Return only the selectors, one per line, in order of reliability. Use formats like:</arg>
<arg>id=element-id</arg>
<arg>css=.class-name</arg>
<arg>xpath=//element[@attribute='value']</arg>
<doc>Returns the given values which can then be assigned to a variables.</doc>
<msg timestamp="20260201 00:42:01.989" level="INFO">${ai_prompt} = ['You are a web automation expert. Analyze this HTML page and suggest 3-5 CSS selectors or XPath expressions to find a "search input field".', '', 'Page Context:', '- URL: file:///Users/r0n01gu/Docume...</msg>
<status status="PASS" starttime="20260201 00:42:01.989" endtime="20260201 00:42:01.989"/>
</kw>
<kw name="Call Walmart AI Gateway">
<var>${ai_suggestions}</var>
<arg>${ai_prompt}</arg>
<doc>Makes actual API call to Walmart's AI Gateway with proper headers</doc>
<kw name="Log" library="BuiltIn">
<arg>🏢 Calling Walmart AI Gateway with proper configuration...</arg>
<arg>console=True</arg>
<doc>Logs the given message with the given level.</doc>
<msg timestamp="20260201 00:42:01.990" level="INFO">🏢 Calling Walmart AI Gateway with proper configuration...</msg>
<status status="PASS" starttime="20260201 00:42:01.990" endtime="20260201 00:42:01.990"/>
</kw>
<try>
<branch type="TRY">
<kw name="Evaluate" library="BuiltIn">
<var>${config_data}</var>
<arg>exec(open('/Users/r0n01gu/Documents/QA-Automation-Repo/DSAR-CANADA-E2E-Automation/AI-Self-Healing-Tests/config.py').read()) or AI_CONFIG</arg>
<arg>modules=sys</arg>
<doc>Evaluates the given expression in Python and returns the result.</doc>
<msg timestamp="20260201 00:42:01.990" level="INFO">${config_data} = {'api_key': 'eyJzZ252ZXIiOiIxIiwiYWxnIjoiSFMyNTYiLCJ0eXAiOiJKV1QifQ.eyJqdGkiOiIxMTA5MiIsInN1YiI6IjE3IiwiaXNzIjoiV01UTExNR0FURVdBWS1TVEciLCJhY3QiOiJyMG4wMWd1IiwidHlwZSI6IlVTUiIsImlhdCI6MTc2ODkxNzU2Miwi...</msg>
<status status="PASS" starttime="20260201 00:42:01.990" endtime="20260201 00:42:01.990"/>
</kw>
<kw name="Get From Dictionary" library="Collections">
<var>${jwt_token}</var>
<arg>${config_data}</arg>
<arg>api_key</arg>
<doc>Returns a value from the given ``dictionary`` based on the given ``key``.</doc>
<msg timestamp="20260201 00:42:01.990" level="INFO">${jwt_token} = eyJzZ252ZXIiOiIxIiwiYWxnIjoiSFMyNTYiLCJ0eXAiOiJKV1QifQ.eyJqdGkiOiIxMTA5MiIsInN1YiI6IjE3IiwiaXNzIjoiV01UTExNR0FURVdBWS1TVEciLCJhY3QiOiJyMG4wMWd1IiwidHlwZSI6IlVTUiIsImlhdCI6MTc2ODkxNzU2MiwiZXhwIjoxNzc0M...</msg>
<status status="PASS" starttime="20260201 00:42:01.990" endtime="20260201 00:42:01.990"/>
</kw>
<kw name="Log" library="BuiltIn">
<arg>🔑 JWT token loaded, making API call...</arg>
<arg>console=True</arg>
<doc>Logs the given message with the given level.</doc>
<msg timestamp="20260201 00:42:01.990" level="INFO">🔑 JWT token loaded, making API call...</msg>
<status status="PASS" starttime="20260201 00:42:01.990" endtime="20260201 00:42:01.991"/>
</kw>
<kw name="Evaluate" library="BuiltIn">
<var>${ai_response}</var>
<arg>__import__('requests').post('https://wmtllmgateway.stage.walmart.com/wmtllmgateway/openai/deployments/gpt-4o/chat/completions?api-version=2024-02-15-preview', headers={'Authorization': 'Bearer ${jwt_token}', 'Content-Type': 'application/json', 'consumer-id': 'SelfHealingFramework-QA', 'service-env': 'stage', 'service-name': 'WMTLLMGATEWAY', 'User-Agent': 'SelfHealingFramework-QA/1.0'}, json={'messages': [{'role': 'user', 'content': r'''${prompt}'''}], 'max_tokens': 150, 'temperature': 0.1}, verify=False, timeout=30).json()</arg>
<arg>modules=requests</arg>
<doc>Evaluates the given expression in Python and returns the result.</doc>
<msg timestamp="20260201 00:42:05.179" level="INFO">/Library/Frameworks/Python.framework/Versions/3.11/lib/python3.11/site-packages/urllib3/connectionpool.py:1097: InsecureRequestWarning: Unverified HTTPS request is being made to host 'wmtllmgateway.stage.walmart.com'. Adding certificate verification is strongly advised. See: https://urllib3.readthedocs.io/en/latest/advanced-usage.html#tls-warnings
  warnings.warn(</msg>
<msg timestamp="20260201 00:42:05.180" level="INFO">${ai_response} = {'choices': [{'content_filter_results': {'hate': {'filtered': False, 'severity': 'safe'}, 'protected_material_code': {'filtered': False, 'detected': False}, 'protected_material_text': {'filtered': Fal...</msg>
<status status="PASS" starttime="20260201 00:42:01.991" endtime="20260201 00:42:05.180"/>
</kw>
<kw name="Log" library="BuiltIn">
<arg>📡 AI Gateway response received</arg>
<arg>console=True</arg>
<doc>Logs the given message with the given level.</doc>
<msg timestamp="20260201 00:42:05.181" level="INFO">📡 AI Gateway response received</msg>
<status status="PASS" starttime="20260201 00:42:05.180" endtime="20260201 00:42:05.181"/>
</kw>
<kw name="Run Keyword And Return Status" library="BuiltIn">
<var>${has_choices}</var>
<arg>Dictionary Should Contain Key</arg>
<arg>${ai_response}</arg>
<arg>choices</arg>
<doc>Runs the given keyword with given arguments and returns the status as a Boolean value.</doc>
<kw name="Dictionary Should Contain Key" library="Collections">
<arg>${ai_response}</arg>
<arg>choices</arg>
<doc>Fails if ``key`` is not found from ``dictionary``.</doc>
<status status="PASS" starttime="20260201 00:42:05.181" endtime="20260201 00:42:05.182"/>
</kw>
<msg timestamp="20260201 00:42:05.182" level="INFO">${has_choices} = True</msg>
<status status="PASS" starttime="20260201 00:42:05.181" endtime="20260201 00:42:05.182"/>
</kw>
<if>
<branch type="IF" condition="not ${has_choices}">
<kw name="Log" library="BuiltIn">
<arg>❌ AI response missing 'choices' field: ${ai_response}</arg>
<arg>console=True</arg>
<doc>Logs the given message with the given level.</doc>
<status status="NOT RUN" starttime="20260201 00:42:05.182" endtime="20260201 00:42:05.182"/>
</kw>
<kw name="Create List" library="BuiltIn">
<var>${fallback_selectors}</var>
<arg>css=input[type="text"]</arg>
<arg>css=button</arg>
<arg>xpath=//input</arg>
<arg>xpath=//button</arg>
<doc>Returns a list containing given items.</doc>
<status status="NOT RUN" starttime="20260201 00:42:05.182" endtime="20260201 00:42:05.182"/>
</kw>
<return>
<value>${fallback_selectors}</value>
<status status="NOT RUN" starttime="20260201 00:42:05.182" endtime="20260201 00:42:05.182"/>
</return>
<status status="NOT RUN" starttime="20260201 00:42:05.182" endtime="20260201 00:42:05.182"/>
</branch>
<status status="PASS" starttime="20260201 00:42:05.182" endtime="20260201 00:42:05.182"/>
</if>
<kw name="Get From Dictionary" library="Collections">
<var>${choices_list}</var>
<arg>${ai_response}</arg>
<arg>choices</arg>
<doc>Returns a value from the given ``dictionary`` based on the given ``key``.</doc>
<msg timestamp="20260201 00:42:05.183" level="INFO">${choices_list} = [{'content_filter_results': {'hate': {'filtered': False, 'severity': 'safe'}, 'protected_material_code': {'filtered': False, 'detected': False}, 'protected_material_text': {'filtered': False, 'detecte...</msg>
<status status="PASS" starttime="20260201 00:42:05.183" endtime="20260201 00:42:05.183"/>
</kw>
<kw name="Get Length" library="BuiltIn">
<var>${choices_length}</var>
<arg>${choices_list}</arg>
<doc>Returns and logs the length of the given item as an integer.</doc>
<msg timestamp="20260201 00:42:05.183" level="INFO">Length is 1</msg>
<msg timestamp="20260201 00:42:05.183" level="INFO">${choices_length} = 1</msg>
<status status="PASS" starttime="20260201 00:42:05.183" endtime="20260201 00:42:05.183"/>
</kw>
<if>
<branch type="IF" condition="${choices_length} == 0">
<kw name="Log" library="BuiltIn">
<arg>❌ AI response has empty choices array</arg>
<arg>console=True</arg>
<doc>Logs the given message with the given level.</doc>
<status status="NOT RUN" starttime="20260201 00:42:05.184" endtime="20260201 00:42:05.184"/>
</kw>
<kw name="Create List" library="BuiltIn">
<var>${fallback_selectors}</var>
<arg>css=input[type="text"]</arg>
<arg>css=button</arg>
<arg>xpath=//input</arg>
<arg>xpath=//button</arg>
<doc>Returns a list containing given items.</doc>
<status status="NOT RUN" starttime="20260201 00:42:05.184" endtime="20260201 00:42:05.184"/>
</kw>
<return>
<value>${fallback_selectors}</value>
<status status="NOT RUN" starttime="20260201 00:42:05.184" endtime="20260201 00:42:05.184"/>
</return>
<status status="NOT RUN" starttime="20260201 00:42:05.183" endtime="20260201 00:42:05.184"/>
</branch>
<status status="PASS" starttime="20260201 00:42:05.183" endtime="20260201 00:42:05.184"/>
</if>
<kw name="Set Variable" library="BuiltIn">
<var>${first_choice}</var>
<arg>${choices_list}[0]</arg>
<doc>Returns the given values which can then be assigned to a variables.</doc>
<msg timestamp="20260201 00:42:05.185" level="INFO">${first_choice} = {'content_filter_results': {'hate': {'filtered': False, 'severity': 'safe'}, 'protected_material_code': {'filtered': False, 'detected': False}, 'protected_material_text': {'filtered': False, 'detected...</msg>
<status status="PASS" starttime="20260201 00:42:05.184" endtime="20260201 00:42:05.185"/>
</kw>
<kw name="Get From Dictionary" library="Collections">
<var>${message}</var>
<arg>${first_choice}</arg>
<arg>message</arg>
<doc>Returns a value from the given ``dictionary`` based on the given ``key``.</doc>
<msg timestamp="20260201 00:42:05.185" level="INFO">${message} = {'annotations': [], 'content': 'id=product-finder-input  \ncss=#product-finder-input  \nxpath=//input[@id=\'product-finder-input\']  \nxpath=//div[@class=\'search-section\']//input[@type=\'text\']  \n...</msg>
<status status="PASS" starttime="20260201 00:42:05.185" endtime="20260201 00:42:05.185"/>
</kw>
<kw name="Get From Dictionary" library="Collections">
<var>${ai_text}</var>
<arg>${message}</arg>
<arg>content</arg>
<doc>Returns a value from the given ``dictionary`` based on the given ``key``.</doc>
<msg timestamp="20260201 00:42:05.185" level="INFO">${ai_text} = id=product-finder-input  
css=#product-finder-input  
xpath=//input[@id='product-finder-input']  
xpath=//div[@class='search-section']//input[@type='text']  
css=.search-section input[type="text"]  </msg>
<status status="PASS" starttime="20260201 00:42:05.185" endtime="20260201 00:42:05.185"/>
</kw>
<kw name="Log" library="BuiltIn">
<arg>🧠 REAL AI Response: ${ai_text}</arg>
<arg>console=True</arg>
<doc>Logs the given message with the given level.</doc>
<msg timestamp="20260201 00:42:05.185" level="INFO">🧠 REAL AI Response: id=product-finder-input  
css=#product-finder-input  
xpath=//input[@id='product-finder-input']  
xpath=//div[@class='search-section']//input[@type='text']  
css=.search-section input[type="text"]  </msg>
<status status="PASS" starttime="20260201 00:42:05.185" endtime="20260201 00:42:05.186"/>
</kw>
<kw name="Parse AI Response To Selectors">
<var>${selectors}</var>
<arg>${ai_text}</arg>
<doc>Converts AI text response into list of usable selectors</doc>
<kw name="Create List" library="BuiltIn">
<var>@{selectors}</var>
<doc>Returns a list containing given items.</doc>
<msg timestamp="20260201 00:42:05.186" level="INFO">@{selectors} = [ ]</msg>
<status status="PASS" starttime="20260201 00:42:05.186" endtime="20260201 00:42:05.186"/>
</kw>
<kw name="Split To Lines" library="String">
<var>@{lines}</var>
<arg>${ai_response}</arg>
<doc>Splits the given string to lines.</doc>
<msg timestamp="20260201 00:42:05.187" level="INFO">5 lines returned</msg>
<msg timestamp="20260201 00:42:05.187" level="INFO">@{lines} = [ id=product-finder-input   | css=#product-finder-input   | xpath=//input[@id='product-finder-input']   | xpath=//div[@class='search-section']//input[@type='text']   | css=.search-section input[type="...</msg>
<status status="PASS" starttime="20260201 00:42:05.186" endtime="20260201 00:42:05.187"/>
</kw>
<for flavor="IN">
<var>${line}</var>
<value>@{lines}</value>
<iter>
<var name="${line}">id=product-finder-input  </var>
<kw name="Strip String" library="String">
<var>${line}</var>
<arg>${line}</arg>
<doc>Remove leading and/or trailing whitespaces from the given string.</doc>
<msg timestamp="20260201 00:42:05.187" level="INFO">${line} = id=product-finder-input</msg>
<status status="PASS" starttime="20260201 00:42:05.187" endtime="20260201 00:42:05.187"/>
</kw>
<kw name="Get Length" library="BuiltIn">
<var>${line_length}</var>
<arg>${line}</arg>
<doc>Returns and logs the length of the given item as an integer.</doc>
<msg timestamp="20260201 00:42:05.187" level="INFO">Length is 23</msg>
<msg timestamp="20260201 00:42:05.187" level="INFO">${line_length} = 23</msg>
<status status="PASS" starttime="20260201 00:42:05.187" endtime="20260201 00:42:05.187"/>
</kw>
<kw name="Continue For Loop If" library="BuiltIn">
<arg>${line_length} == 0</arg>
<doc>Skips the current FOR loop iteration if the ``condition`` is true.</doc>
<status status="PASS" starttime="20260201 00:42:05.187" endtime="20260201 00:42:05.188"/>
</kw>
<kw name="Run Keyword And Return Status" library="BuiltIn">
<var>${is_comment}</var>
<arg>Should Start With</arg>
<arg>${line}</arg>
<arg>\#</arg>
<doc>Runs the given keyword with given arguments and returns the status as a Boolean value.</doc>
<kw name="Should Start With" library="BuiltIn">
<arg>${line}</arg>
<arg>\#</arg>
<doc>Fails if the string ``str1`` does not start with the string ``str2``.</doc>
<msg timestamp="20260201 00:42:05.188" level="FAIL">'id=product-finder-input' does not start with '#'</msg>
<status status="FAIL" starttime="20260201 00:42:05.188" endtime="20260201 00:42:05.189"/>
</kw>
<msg timestamp="20260201 00:42:05.189" level="INFO">${is_comment} = False</msg>
<status status="PASS" starttime="20260201 00:42:05.188" endtime="20260201 00:42:05.189"/>
</kw>
<kw name="Continue For Loop If" library="BuiltIn">
<arg>${is_comment}</arg>
<doc>Skips the current FOR loop iteration if the ``condition`` is true.</doc>
<status status="PASS" starttime="20260201 00:42:05.189" endtime="20260201 00:42:05.189"/>
</kw>
<kw name="Run Keyword And Return Status" library="BuiltIn">
<var>${is_id_selector}</var>
<arg>Should Start With</arg>
<arg>${line}</arg>
<arg>id=</arg>
<doc>Runs the given keyword with given arguments and returns the status as a Boolean value.</doc>
<kw name="Should Start With" library="BuiltIn">
<arg>${line}</arg>
<arg>id=</arg>
<doc>Fails if the string ``str1`` does not start with the string ``str2``.</doc>
<status status="PASS" starttime="20260201 00:42:05.189" endtime="20260201 00:42:05.189"/>
</kw>
<msg timestamp="20260201 00:42:05.189" level="INFO">${is_id_selector} = True</msg>
<status status="PASS" starttime="20260201 00:42:05.189" endtime="20260201 00:42:05.189"/>
</kw>
<kw name="Run Keyword And Return Status" library="BuiltIn">
<var>${is_css_selector}</var>
<arg>Should Start With</arg>
<arg>${line}</arg>
<arg>css=</arg>
<doc>Runs the given keyword with given arguments and returns the status as a Boolean value.</doc>
<kw name="Should Start With" library="BuiltIn">
<arg>${line}</arg>
<arg>css=</arg>
<doc>Fails if the string ``str1`` does not start with the string ``str2``.</doc>
<msg timestamp="20260201 00:42:05.190" level="FAIL">'id=product-finder-input' does not start with 'css='</msg>
<status status="FAIL" starttime="20260201 00:42:05.190" endtime="20260201 00:42:05.190"/>
</kw>
<msg timestamp="20260201 00:42:05.190" level="INFO">${is_css_selector} = False</msg>
<status status="PASS" starttime="20260201 00:42:05.189" endtime="20260201 00:42:05.190"/>
</kw>
<kw name="Run Keyword And Return Status" library="BuiltIn">
<var>${is_xpath_selector}</var>
<arg>Should Start With</arg>
<arg>${line}</arg>
<arg>xpath=</arg>
<doc>Runs the given keyword with given arguments and returns the status as a Boolean value.</doc>
<kw name="Should Start With" library="BuiltIn">
<arg>${line}</arg>
<arg>xpath=</arg>
<doc>Fails if the string ``str1`` does not start with the string ``str2``.</doc>
<msg timestamp="20260201 00:42:05.191" level="FAIL">'id=product-finder-input' does not start with 'xpath='</msg>
<status status="FAIL" starttime="20260201 00:42:05.191" endtime="20260201 00:42:05.191"/>
</kw>
<msg timestamp="20260201 00:42:05.191" level="INFO">${is_xpath_selector} = False</msg>
<status status="PASS" starttime="20260201 00:42:05.190" endtime="20260201 00:42:05.191"/>
</kw>
<kw name="Run Keyword And Return Status" library="BuiltIn">
<var>${is_name_selector}</var>
<arg>Should Start With</arg>
<arg>${line}</arg>
<arg>name=</arg>
<doc>Runs the given keyword with given arguments and returns the status as a Boolean value.</doc>
<kw name="Should Start With" library="BuiltIn">
<arg>${line}</arg>
<arg>name=</arg>
<doc>Fails if the string ``str1`` does not start with the string ``str2``.</doc>
<msg timestamp="20260201 00:42:05.192" level="FAIL">'id=product-finder-input' does not start with 'name='</msg>
<status status="FAIL" starttime="20260201 00:42:05.192" endtime="20260201 00:42:05.192"/>
</kw>
<msg timestamp="20260201 00:42:05.192" level="INFO">${is_name_selector} = False</msg>
<status status="PASS" starttime="20260201 00:42:05.192" endtime="20260201 00:42:05.192"/>
</kw>
<kw name="Evaluate" library="BuiltIn">
<var>${is_valid_selector}</var>
<arg>${is_id_selector} or ${is_css_selector} or ${is_xpath_selector} or ${is_name_selector}</arg>
<doc>Evaluates the given expression in Python and returns the result.</doc>
<msg timestamp="20260201 00:42:05.192" level="INFO">${is_valid_selector} = True</msg>
<status status="PASS" starttime="20260201 00:42:05.192" endtime="20260201 00:42:05.192"/>
</kw>
<if>
<branch type="IF" condition="${is_valid_selector}">
<kw name="Log" library="BuiltIn">
<arg>🎯 Found valid selector: ${line}</arg>
<arg>console=True</arg>
<doc>Logs the given message with the given level.</doc>
<msg timestamp="20260201 00:42:05.193" level="INFO">🎯 Found valid selector: id=product-finder-input</msg>
<status status="PASS" starttime="20260201 00:42:05.193" endtime="20260201 00:42:05.193"/>
</kw>
<kw name="Append To List" library="Collections">
<arg>${selectors}</arg>
<arg>${line}</arg>
<doc>Adds ``values`` to the end of ``list``.</doc>
<status status="PASS" starttime="20260201 00:42:05.193" endtime="20260201 00:42:05.193"/>
</kw>
<status status="PASS" starttime="20260201 00:42:05.192" endtime="20260201 00:42:05.193"/>
</branch>
<branch type="ELSE">
<kw name="Extract Selector From Text">
<var>${extracted}</var>
<arg>${line}</arg>
<doc>Extracts CSS/XPath selectors from AI descriptive text</doc>
<status status="NOT RUN" starttime="20260201 00:42:05.193" endtime="20260201 00:42:05.193"/>
</kw>
<kw name="Get Length" library="BuiltIn">
<var>${extracted_length}</var>
<arg>${extracted}</arg>
<doc>Returns and logs the length of the given item as an integer.</doc>
<status status="NOT RUN" starttime="20260201 00:42:05.193" endtime="20260201 00:42:05.193"/>
</kw>
<if>
<branch type="IF" condition="${extracted_length} &gt; 0">
<kw name="Log" library="BuiltIn">
<arg>🔍 Extracted selector from text: ${extracted}</arg>
<arg>console=True</arg>
<doc>Logs the given message with the given level.</doc>
<status status="NOT RUN" starttime="20260201 00:42:05.193" endtime="20260201 00:42:05.193"/>
</kw>
<kw name="Append To List" library="Collections">
<arg>${selectors}</arg>
<arg>${extracted}</arg>
<doc>Adds ``values`` to the end of ``list``.</doc>
<status status="NOT RUN" starttime="20260201 00:42:05.193" endtime="20260201 00:42:05.193"/>
</kw>
<status status="NOT RUN" starttime="20260201 00:42:05.193" endtime="20260201 00:42:05.193"/>
</branch>
<branch type="ELSE">
<kw name="Log" library="BuiltIn">
<arg>⚠️ Skipping invalid line: ${line}</arg>
<arg>console=True</arg>
<doc>Logs the given message with the given level.</doc>
<status status="NOT RUN" starttime="20260201 00:42:05.193" endtime="20260201 00:42:05.193"/>
</kw>
<status status="NOT RUN" starttime="20260201 00:42:05.193" endtime="20260201 00:42:05.193"/>
</branch>
<status status="NOT RUN" starttime="20260201 00:42:05.193" endtime="20260201 00:42:05.193"/>
</if>
<status status="NOT RUN" starttime="20260201 00:42:05.193" endtime="20260201 00:42:05.193"/>
</branch>
<status status="PASS" starttime="20260201 00:42:05.192" endtime="20260201 00:42:05.193"/>
</if>
<status status="PASS" starttime="20260201 00:42:05.187" endtime="20260201 00:42:05.194"/>
</iter>
<iter>
<var name="${line}">css=#product-finder-input  </var>
<kw name="Strip String" library="String">
<var>${line}</var>
<arg>${line}</arg>
<doc>Remove leading and/or trailing whitespaces from the given string.</doc>
<msg timestamp="20260201 00:42:05.194" level="INFO">${line} = css=#product-finder-input</msg>
<status status="PASS" starttime="20260201 00:42:05.194" endtime="20260201 00:42:05.194"/>
</kw>
<kw name="Get Length" library="BuiltIn">
<var>${line_length}</var>
<arg>${line}</arg>
<doc>Returns and logs the length of the given item as an integer.</doc>
<msg timestamp="20260201 00:42:05.194" level="INFO">Length is 25</msg>
<msg timestamp="20260201 00:42:05.194" level="INFO">${line_length} = 25</msg>
<status status="PASS" starttime="20260201 00:42:05.194" endtime="20260201 00:42:05.194"/>
</kw>
<kw name="Continue For Loop If" library="BuiltIn">
<arg>${line_length} == 0</arg>
<doc>Skips the current FOR loop iteration if the ``condition`` is true.</doc>
<status status="PASS" starttime="20260201 00:42:05.194" endtime="20260201 00:42:05.194"/>
</kw>
<kw name="Run Keyword And Return Status" library="BuiltIn">
<var>${is_comment}</var>
<arg>Should Start With</arg>
<arg>${line}</arg>
<arg>\#</arg>
<doc>Runs the given keyword with given arguments and returns the status as a Boolean value.</doc>
<kw name="Should Start With" library="BuiltIn">
<arg>${line}</arg>
<arg>\#</arg>
<doc>Fails if the string ``str1`` does not start with the string ``str2``.</doc>
<msg timestamp="20260201 00:42:05.195" level="FAIL">'css=#product-finder-input' does not start with '#'</msg>
<status status="FAIL" starttime="20260201 00:42:05.195" endtime="20260201 00:42:05.195"/>
</kw>
<msg timestamp="20260201 00:42:05.195" level="INFO">${is_comment} = False</msg>
<status status="PASS" starttime="20260201 00:42:05.194" endtime="20260201 00:42:05.195"/>
</kw>
<kw name="Continue For Loop If" library="BuiltIn">
<arg>${is_comment}</arg>
<doc>Skips the current FOR loop iteration if the ``condition`` is true.</doc>
<status status="PASS" starttime="20260201 00:42:05.195" endtime="20260201 00:42:05.195"/>
</kw>
<kw name="Run Keyword And Return Status" library="BuiltIn">
<var>${is_id_selector}</var>
<arg>Should Start With</arg>
<arg>${line}</arg>
<arg>id=</arg>
<doc>Runs the given keyword with given arguments and returns the status as a Boolean value.</doc>
<kw name="Should Start With" library="BuiltIn">
<arg>${line}</arg>
<arg>id=</arg>
<doc>Fails if the string ``str1`` does not start with the string ``str2``.</doc>
<msg timestamp="20260201 00:42:05.196" level="FAIL">'css=#product-finder-input' does not start with 'id='</msg>
<status status="FAIL" starttime="20260201 00:42:05.195" endtime="20260201 00:42:05.196"/>
</kw>
<msg timestamp="20260201 00:42:05.196" level="INFO">${is_id_selector} = False</msg>
<status status="PASS" starttime="20260201 00:42:05.195" endtime="20260201 00:42:05.196"/>
</kw>
<kw name="Run Keyword And Return Status" library="BuiltIn">
<var>${is_css_selector}</var>
<arg>Should Start With</arg>
<arg>${line}</arg>
<arg>css=</arg>
<doc>Runs the given keyword with given arguments and returns the status as a Boolean value.</doc>
<kw name="Should Start With" library="BuiltIn">
<arg>${line}</arg>
<arg>css=</arg>
<doc>Fails if the string ``str1`` does not start with the string ``str2``.</doc>
<status status="PASS" starttime="20260201 00:42:05.196" endtime="20260201 00:42:05.196"/>
</kw>
<msg timestamp="20260201 00:42:05.196" level="INFO">${is_css_selector} = True</msg>
<status status="PASS" starttime="20260201 00:42:05.196" endtime="20260201 00:42:05.196"/>
</kw>
<kw name="Run Keyword And Return Status" library="BuiltIn">
<var>${is_xpath_selector}</var>
<arg>Should Start With</arg>
<arg>${line}</arg>
<arg>xpath=</arg>
<doc>Runs the given keyword with given arguments and returns the status as a Boolean value.</doc>
<kw name="Should Start With" library="BuiltIn">
<arg>${line}</arg>
<arg>xpath=</arg>
<doc>Fails if the string ``str1`` does not start with the string ``str2``.</doc>
<msg timestamp="20260201 00:42:05.197" level="FAIL">'css=#product-finder-input' does not start with 'xpath='</msg>
<status status="FAIL" starttime="20260201 00:42:05.196" endtime="20260201 00:42:05.197"/>
</kw>
<msg timestamp="20260201 00:42:05.197" level="INFO">${is_xpath_selector} = False</msg>
<status status="PASS" starttime="20260201 00:42:05.196" endtime="20260201 00:42:05.197"/>
</kw>
<kw name="Run Keyword And Return Status" library="BuiltIn">
<var>${is_name_selector}</var>
<arg>Should Start With</arg>
<arg>${line}</arg>
<arg>name=</arg>
<doc>Runs the given keyword with given arguments and returns the status as a Boolean value.</doc>
<kw name="Should Start With" library="BuiltIn">
<arg>${line}</arg>
<arg>name=</arg>
<doc>Fails if the string ``str1`` does not start with the string ``str2``.</doc>
<msg timestamp="20260201 00:42:05.197" level="FAIL">'css=#product-finder-input' does not start with 'name='</msg>
<status status="FAIL" starttime="20260201 00:42:05.197" endtime="20260201 00:42:05.197"/>
</kw>
<msg timestamp="20260201 00:42:05.197" level="INFO">${is_name_selector} = False</msg>
<status status="PASS" starttime="20260201 00:42:05.197" endtime="20260201 00:42:05.197"/>
</kw>
<kw name="Evaluate" library="BuiltIn">
<var>${is_valid_selector}</var>
<arg>${is_id_selector} or ${is_css_selector} or ${is_xpath_selector} or ${is_name_selector}</arg>
<doc>Evaluates the given expression in Python and returns the result.</doc>
<msg timestamp="20260201 00:42:05.198" level="INFO">${is_valid_selector} = True</msg>
<status status="PASS" starttime="20260201 00:42:05.197" endtime="20260201 00:42:05.198"/>
</kw>
<if>
<branch type="IF" condition="${is_valid_selector}">
<kw name="Log" library="BuiltIn">
<arg>🎯 Found valid selector: ${line}</arg>
<arg>console=True</arg>
<doc>Logs the given message with the given level.</doc>
<msg timestamp="20260201 00:42:05.198" level="INFO">🎯 Found valid selector: css=#product-finder-input</msg>
<status status="PASS" starttime="20260201 00:42:05.198" endtime="20260201 00:42:05.198"/>
</kw>
<kw name="Append To List" library="Collections">
<arg>${selectors}</arg>
<arg>${line}</arg>
<doc>Adds ``values`` to the end of ``list``.</doc>
<status status="PASS" starttime="20260201 00:42:05.198" endtime="20260201 00:42:05.198"/>
</kw>
<status status="PASS" starttime="20260201 00:42:05.198" endtime="20260201 00:42:05.198"/>
</branch>
<branch type="ELSE">
<kw name="Extract Selector From Text">
<var>${extracted}</var>
<arg>${line}</arg>
<doc>Extracts CSS/XPath selectors from AI descriptive text</doc>
<status status="NOT RUN" starttime="20260201 00:42:05.198" endtime="20260201 00:42:05.199"/>
</kw>
<kw name="Get Length" library="BuiltIn">
<var>${extracted_length}</var>
<arg>${extracted}</arg>
<doc>Returns and logs the length of the given item as an integer.</doc>
<status status="NOT RUN" starttime="20260201 00:42:05.199" endtime="20260201 00:42:05.199"/>
</kw>
<if>
<branch type="IF" condition="${extracted_length} &gt; 0">
<kw name="Log" library="BuiltIn">
<arg>🔍 Extracted selector from text: ${extracted}</arg>
<arg>console=True</arg>
<doc>Logs the given message with the given level.</doc>
<status status="NOT RUN" starttime="20260201 00:42:05.199" endtime="20260201 00:42:05.199"/>
</kw>
<kw name="Append To List" library="Collections">
<arg>${selectors}</arg>
<arg>${extracted}</arg>
<doc>Adds ``values`` to the end of ``list``.</doc>
<status status="NOT RUN" starttime="20260201 00:42:05.199" endtime="20260201 00:42:05.199"/>
</kw>
<status status="NOT RUN" starttime="20260201 00:42:05.199" endtime="20260201 00:42:05.199"/>
</branch>
<branch type="ELSE">
<kw name="Log" library="BuiltIn">
<arg>⚠️ Skipping invalid line: ${line}</arg>
<arg>console=True</arg>
<doc>Logs the given message with the given level.</doc>
<status status="NOT RUN" starttime="20260201 00:42:05.199" endtime="20260201 00:42:05.199"/>
</kw>
<status status="NOT RUN" starttime="20260201 00:42:05.199" endtime="20260201 00:42:05.199"/>
</branch>
<status status="NOT RUN" starttime="20260201 00:42:05.199" endtime="20260201 00:42:05.199"/>
</if>
<status status="NOT RUN" starttime="20260201 00:42:05.198" endtime="20260201 00:42:05.199"/>
</branch>
<status status="PASS" starttime="20260201 00:42:05.198" endtime="20260201 00:42:05.199"/>
</if>
<status status="PASS" starttime="20260201 00:42:05.194" endtime="20260201 00:42:05.199"/>
</iter>
<iter>
<var name="${line}">xpath=//input[@id='product-finder-input']  </var>
<kw name="Strip String" library="String">
<var>${line}</var>
<arg>${line}</arg>
<doc>Remove leading and/or trailing whitespaces from the given string.</doc>
<msg timestamp="20260201 00:42:05.199" level="INFO">${line} = xpath=//input[@id='product-finder-input']</msg>
<status status="PASS" starttime="20260201 00:42:05.199" endtime="20260201 00:42:05.199"/>
</kw>
<kw name="Get Length" library="BuiltIn">
<var>${line_length}</var>
<arg>${line}</arg>
<doc>Returns and logs the length of the given item as an integer.</doc>
<msg timestamp="20260201 00:42:05.199" level="INFO">Length is 41</msg>
<msg timestamp="20260201 00:42:05.199" level="INFO">${line_length} = 41</msg>
<status status="PASS" starttime="20260201 00:42:05.199" endtime="20260201 00:42:05.199"/>
</kw>
<kw name="Continue For Loop If" library="BuiltIn">
<arg>${line_length} == 0</arg>
<doc>Skips the current FOR loop iteration if the ``condition`` is true.</doc>
<status status="PASS" starttime="20260201 00:42:05.199" endtime="20260201 00:42:05.200"/>
</kw>
<kw name="Run Keyword And Return Status" library="BuiltIn">
<var>${is_comment}</var>
<arg>Should Start With</arg>
<arg>${line}</arg>
<arg>\#</arg>
<doc>Runs the given keyword with given arguments and returns the status as a Boolean value.</doc>
<kw name="Should Start With" library="BuiltIn">
<arg>${line}</arg>
<arg>\#</arg>
<doc>Fails if the string ``str1`` does not start with the string ``str2``.</doc>
<msg timestamp="20260201 00:42:05.200" level="FAIL">'xpath=//input[@id='product-finder-input']' does not start with '#'</msg>
<status status="FAIL" starttime="20260201 00:42:05.200" endtime="20260201 00:42:05.200"/>
</kw>
<msg timestamp="20260201 00:42:05.200" level="INFO">${is_comment} = False</msg>
<status status="PASS" starttime="20260201 00:42:05.200" endtime="20260201 00:42:05.200"/>
</kw>
<kw name="Continue For Loop If" library="BuiltIn">
<arg>${is_comment}</arg>
<doc>Skips the current FOR loop iteration if the ``condition`` is true.</doc>
<status status="PASS" starttime="20260201 00:42:05.200" endtime="20260201 00:42:05.200"/>
</kw>
<kw name="Run Keyword And Return Status" library="BuiltIn">
<var>${is_id_selector}</var>
<arg>Should Start With</arg>
<arg>${line}</arg>
<arg>id=</arg>
<doc>Runs the given keyword with given arguments and returns the status as a Boolean value.</doc>
<kw name="Should Start With" library="BuiltIn">
<arg>${line}</arg>
<arg>id=</arg>
<doc>Fails if the string ``str1`` does not start with the string ``str2``.</doc>
<msg timestamp="20260201 00:42:05.200" level="FAIL">'xpath=//input[@id='product-finder-input']' does not start with 'id='</msg>
<status status="FAIL" starttime="20260201 00:42:05.200" endtime="20260201 00:42:05.201"/>
</kw>
<msg timestamp="20260201 00:42:05.201" level="INFO">${is_id_selector} = False</msg>
<status status="PASS" starttime="20260201 00:42:05.200" endtime="20260201 00:42:05.201"/>
</kw>
<kw name="Run Keyword And Return Status" library="BuiltIn">
<var>${is_css_selector}</var>
<arg>Should Start With</arg>
<arg>${line}</arg>
<arg>css=</arg>
<doc>Runs the given keyword with given arguments and returns the status as a Boolean value.</doc>
<kw name="Should Start With" library="BuiltIn">
<arg>${line}</arg>
<arg>css=</arg>
<doc>Fails if the string ``str1`` does not start with the string ``str2``.</doc>
<msg timestamp="20260201 00:42:05.201" level="FAIL">'xpath=//input[@id='product-finder-input']' does not start with 'css='</msg>
<status status="FAIL" starttime="20260201 00:42:05.201" endtime="20260201 00:42:05.201"/>
</kw>
<msg timestamp="20260201 00:42:05.201" level="INFO">${is_css_selector} = False</msg>
<status status="PASS" starttime="20260201 00:42:05.201" endtime="20260201 00:42:05.201"/>
</kw>
<kw name="Run Keyword And Return Status" library="BuiltIn">
<var>${is_xpath_selector}</var>
<arg>Should Start With</arg>
<arg>${line}</arg>
<arg>xpath=</arg>
<doc>Runs the given keyword with given arguments and returns the status as a Boolean value.</doc>
<kw name="Should Start With" library="BuiltIn">
<arg>${line}</arg>
<arg>xpath=</arg>
<doc>Fails if the string ``str1`` does not start with the string ``str2``.</doc>
<status status="PASS" starttime="20260201 00:42:05.201" endtime="20260201 00:42:05.201"/>
</kw>
<msg timestamp="20260201 00:42:05.201" level="INFO">${is_xpath_selector} = True</msg>
<status status="PASS" starttime="20260201 00:42:05.201" endtime="20260201 00:42:05.201"/>
</kw>
<kw name="Run Keyword And Return Status" library="BuiltIn">
<var>${is_name_selector}</var>
<arg>Should Start With</arg>
<arg>${line}</arg>
<arg>name=</arg>
<doc>Runs the given keyword with given arguments and returns the status as a Boolean value.</doc>
<kw name="Should Start With" library="BuiltIn">
<arg>${line}</arg>
<arg>name=</arg>
<doc>Fails if the string ``str1`` does not start with the string ``str2``.</doc>
<msg timestamp="20260201 00:42:05.202" level="FAIL">'xpath=//input[@id='product-finder-input']' does not start with 'name='</msg>
<status status="FAIL" starttime="20260201 00:42:05.201" endtime="20260201 00:42:05.202"/>
</kw>
<msg timestamp="20260201 00:42:05.202" level="INFO">${is_name_selector} = False</msg>
<status status="PASS" starttime="20260201 00:42:05.201" endtime="20260201 00:42:05.202"/>
</kw>
<kw name="Evaluate" library="BuiltIn">
<var>${is_valid_selector}</var>
<arg>${is_id_selector} or ${is_css_selector} or ${is_xpath_selector} or ${is_name_selector}</arg>
<doc>Evaluates the given expression in Python and returns the result.</doc>
<msg timestamp="20260201 00:42:05.202" level="INFO">${is_valid_selector} = True</msg>
<status status="PASS" starttime="20260201 00:42:05.202" endtime="20260201 00:42:05.202"/>
</kw>
<if>
<branch type="IF" condition="${is_valid_selector}">
<kw name="Log" library="BuiltIn">
<arg>🎯 Found valid selector: ${line}</arg>
<arg>console=True</arg>
<doc>Logs the given message with the given level.</doc>
<msg timestamp="20260201 00:42:05.202" level="INFO">🎯 Found valid selector: xpath=//input[@id='product-finder-input']</msg>
<status status="PASS" starttime="20260201 00:42:05.202" endtime="20260201 00:42:05.202"/>
</kw>
<kw name="Append To List" library="Collections">
<arg>${selectors}</arg>
<arg>${line}</arg>
<doc>Adds ``values`` to the end of ``list``.</doc>
<status status="PASS" starttime="20260201 00:42:05.202" endtime="20260201 00:42:05.202"/>
</kw>
<status status="PASS" starttime="20260201 00:42:05.202" endtime="20260201 00:42:05.202"/>
</branch>
<branch type="ELSE">
<kw name="Extract Selector From Text">
<var>${extracted}</var>
<arg>${line}</arg>
<doc>Extracts CSS/XPath selectors from AI descriptive text</doc>
<status status="NOT RUN" starttime="20260201 00:42:05.202" endtime="20260201 00:42:05.203"/>
</kw>
<kw name="Get Length" library="BuiltIn">
<var>${extracted_length}</var>
<arg>${extracted}</arg>
<doc>Returns and logs the length of the given item as an integer.</doc>
<status status="NOT RUN" starttime="20260201 00:42:05.203" endtime="20260201 00:42:05.203"/>
</kw>
<if>
<branch type="IF" condition="${extracted_length} &gt; 0">
<kw name="Log" library="BuiltIn">
<arg>🔍 Extracted selector from text: ${extracted}</arg>
<arg>console=True</arg>
<doc>Logs the given message with the given level.</doc>
<status status="NOT RUN" starttime="20260201 00:42:05.203" endtime="20260201 00:42:05.203"/>
</kw>
<kw name="Append To List" library="Collections">
<arg>${selectors}</arg>
<arg>${extracted}</arg>
<doc>Adds ``values`` to the end of ``list``.</doc>
<status status="NOT RUN" starttime="20260201 00:42:05.203" endtime="20260201 00:42:05.203"/>
</kw>
<status status="NOT RUN" starttime="20260201 00:42:05.203" endtime="20260201 00:42:05.203"/>
</branch>
<branch type="ELSE">
<kw name="Log" library="BuiltIn">
<arg>⚠️ Skipping invalid line: ${line}</arg>
<arg>console=True</arg>
<doc>Logs the given message with the given level.</doc>
<status status="NOT RUN" starttime="20260201 00:42:05.203" endtime="20260201 00:42:05.203"/>
</kw>
<status status="NOT RUN" starttime="20260201 00:42:05.203" endtime="20260201 00:42:05.203"/>
</branch>
<status status="NOT RUN" starttime="20260201 00:42:05.203" endtime="20260201 00:42:05.203"/>
</if>
<status status="NOT RUN" starttime="20260201 00:42:05.202" endtime="20260201 00:42:05.203"/>
</branch>
<status status="PASS" starttime="20260201 00:42:05.202" endtime="20260201 00:42:05.203"/>
</if>
<status status="PASS" starttime="20260201 00:42:05.199" endtime="20260201 00:42:05.203"/>
</iter>
<iter>
<var name="${line}">xpath=//div[@class='search-section']//input[@type='text']  </var>
<kw name="Strip String" library="String">
<var>${line}</var>
<arg>${line}</arg>
<doc>Remove leading and/or trailing whitespaces from the given string.</doc>
<msg timestamp="20260201 00:42:05.203" level="INFO">${line} = xpath=//div[@class='search-section']//input[@type='text']</msg>
<status status="PASS" starttime="20260201 00:42:05.203" endtime="20260201 00:42:05.203"/>
</kw>
<kw name="Get Length" library="BuiltIn">
<var>${line_length}</var>
<arg>${line}</arg>
<doc>Returns and logs the length of the given item as an integer.</doc>
<msg timestamp="20260201 00:42:05.203" level="INFO">Length is 57</msg>
<msg timestamp="20260201 00:42:05.203" level="INFO">${line_length} = 57</msg>
<status status="PASS" starttime="20260201 00:42:05.203" endtime="20260201 00:42:05.203"/>
</kw>
<kw name="Continue For Loop If" library="BuiltIn">
<arg>${line_length} == 0</arg>
<doc>Skips the current FOR loop iteration if the ``condition`` is true.</doc>
<status status="PASS" starttime="20260201 00:42:05.203" endtime="20260201 00:42:05.204"/>
</kw>
<kw name="Run Keyword And Return Status" library="BuiltIn">
<var>${is_comment}</var>
<arg>Should Start With</arg>
<arg>${line}</arg>
<arg>\#</arg>
<doc>Runs the given keyword with given arguments and returns the status as a Boolean value.</doc>
<kw name="Should Start With" library="BuiltIn">
<arg>${line}</arg>
<arg>\#</arg>
<doc>Fails if the string ``str1`` does not start with the string ``str2``.</doc>
<msg timestamp="20260201 00:42:05.204" level="FAIL">'xpath=//div[@class='search-section']//input[@type='text']' does not start with '#'</msg>
<status status="FAIL" starttime="20260201 00:42:05.204" endtime="20260201 00:42:05.204"/>
</kw>
<msg timestamp="20260201 00:42:05.204" level="INFO">${is_comment} = False</msg>
<status status="PASS" starttime="20260201 00:42:05.204" endtime="20260201 00:42:05.204"/>
</kw>
<kw name="Continue For Loop If" library="BuiltIn">
<arg>${is_comment}</arg>
<doc>Skips the current FOR loop iteration if the ``condition`` is true.</doc>
<status status="PASS" starttime="20260201 00:42:05.204" endtime="20260201 00:42:05.204"/>
</kw>
<kw name="Run Keyword And Return Status" library="BuiltIn">
<var>${is_id_selector}</var>
<arg>Should Start With</arg>
<arg>${line}</arg>
<arg>id=</arg>
<doc>Runs the given keyword with given arguments and returns the status as a Boolean value.</doc>
<kw name="Should Start With" library="BuiltIn">
<arg>${line}</arg>
<arg>id=</arg>
<doc>Fails if the string ``str1`` does not start with the string ``str2``.</doc>
<msg timestamp="20260201 00:42:05.205" level="FAIL">'xpath=//div[@class='search-section']//input[@type='text']' does not start with 'id='</msg>
<status status="FAIL" starttime="20260201 00:42:05.204" endtime="20260201 00:42:05.205"/>
</kw>
<msg timestamp="20260201 00:42:05.205" level="INFO">${is_id_selector} = False</msg>
<status status="PASS" starttime="20260201 00:42:05.204" endtime="20260201 00:42:05.205"/>
</kw>
<kw name="Run Keyword And Return Status" library="BuiltIn">
<var>${is_css_selector}</var>
<arg>Should Start With</arg>
<arg>${line}</arg>
<arg>css=</arg>
<doc>Runs the given keyword with given arguments and returns the status as a Boolean value.</doc>
<kw name="Should Start With" library="BuiltIn">
<arg>${line}</arg>
<arg>css=</arg>
<doc>Fails if the string ``str1`` does not start with the string ``str2``.</doc>
<msg timestamp="20260201 00:42:05.205" level="FAIL">'xpath=//div[@class='search-section']//input[@type='text']' does not start with 'css='</msg>
<status status="FAIL" starttime="20260201 00:42:05.205" endtime="20260201 00:42:05.205"/>
</kw>
<msg timestamp="20260201 00:42:05.205" level="INFO">${is_css_selector} = False</msg>
<status status="PASS" starttime="20260201 00:42:05.205" endtime="20260201 00:42:05.205"/>
</kw>
<kw name="Run Keyword And Return Status" library="BuiltIn">
<var>${is_xpath_selector}</var>
<arg>Should Start With</arg>
<arg>${line}</arg>
<arg>xpath=</arg>
<doc>Runs the given keyword with given arguments and returns the status as a Boolean value.</doc>
<kw name="Should Start With" library="BuiltIn">
<arg>${line}</arg>
<arg>xpath=</arg>
<doc>Fails if the string ``str1`` does not start with the string ``str2``.</doc>
<status status="PASS" starttime="20260201 00:42:05.205" endtime="20260201 00:42:05.205"/>
</kw>
<msg timestamp="20260201 00:42:05.205" level="INFO">${is_xpath_selector} = True</msg>
<status status="PASS" starttime="20260201 00:42:05.205" endtime="20260201 00:42:05.205"/>
</kw>
<kw name="Run Keyword And Return Status" library="BuiltIn">
<var>${is_name_selector}</var>
<arg>Should Start With</arg>
<arg>${line}</arg>
<arg>name=</arg>
<doc>Runs the given keyword with given arguments and returns the status as a Boolean value.</doc>
<kw name="Should Start With" library="BuiltIn">
<arg>${line}</arg>
<arg>name=</arg>
<doc>Fails if the string ``str1`` does not start with the string ``str2``.</doc>
<msg timestamp="20260201 00:42:05.205" level="FAIL">'xpath=//div[@class='search-section']//input[@type='text']' does not start with 'name='</msg>
<status status="FAIL" starttime="20260201 00:42:05.205" endtime="20260201 00:42:05.205"/>
</kw>
<msg timestamp="20260201 00:42:05.206" level="INFO">${is_name_selector} = False</msg>
<status status="PASS" starttime="20260201 00:42:05.205" endtime="20260201 00:42:05.206"/>
</kw>
<kw name="Evaluate" library="BuiltIn">
<var>${is_valid_selector}</var>
<arg>${is_id_selector} or ${is_css_selector} or ${is_xpath_selector} or ${is_name_selector}</arg>
<doc>Evaluates the given expression in Python and returns the result.</doc>
<msg timestamp="20260201 00:42:05.206" level="INFO">${is_valid_selector} = True</msg>
<status status="PASS" starttime="20260201 00:42:05.206" endtime="20260201 00:42:05.206"/>
</kw>
<if>
<branch type="IF" condition="${is_valid_selector}">
<kw name="Log" library="BuiltIn">
<arg>🎯 Found valid selector: ${line}</arg>
<arg>console=True</arg>
<doc>Logs the given message with the given level.</doc>
<msg timestamp="20260201 00:42:05.206" level="INFO">🎯 Found valid selector: xpath=//div[@class='search-section']//input[@type='text']</msg>
<status status="PASS" starttime="20260201 00:42:05.206" endtime="20260201 00:42:05.206"/>
</kw>
<kw name="Append To List" library="Collections">
<arg>${selectors}</arg>
<arg>${line}</arg>
<doc>Adds ``values`` to the end of ``list``.</doc>
<status status="PASS" starttime="20260201 00:42:05.206" endtime="20260201 00:42:05.206"/>
</kw>
<status status="PASS" starttime="20260201 00:42:05.206" endtime="20260201 00:42:05.206"/>
</branch>
<branch type="ELSE">
<kw name="Extract Selector From Text">
<var>${extracted}</var>
<arg>${line}</arg>
<doc>Extracts CSS/XPath selectors from AI descriptive text</doc>
<status status="NOT RUN" starttime="20260201 00:42:05.206" endtime="20260201 00:42:05.206"/>
</kw>
<kw name="Get Length" library="BuiltIn">
<var>${extracted_length}</var>
<arg>${extracted}</arg>
<doc>Returns and logs the length of the given item as an integer.</doc>
<status status="NOT RUN" starttime="20260201 00:42:05.206" endtime="20260201 00:42:05.206"/>
</kw>
<if>
<branch type="IF" condition="${extracted_length} &gt; 0">
<kw name="Log" library="BuiltIn">
<arg>🔍 Extracted selector from text: ${extracted}</arg>
<arg>console=True</arg>
<doc>Logs the given message with the given level.</doc>
<status status="NOT RUN" starttime="20260201 00:42:05.206" endtime="20260201 00:42:05.206"/>
</kw>
<kw name="Append To List" library="Collections">
<arg>${selectors}</arg>
<arg>${extracted}</arg>
<doc>Adds ``values`` to the end of ``list``.</doc>
<status status="NOT RUN" starttime="20260201 00:42:05.206" endtime="20260201 00:42:05.206"/>
</kw>
<status status="NOT RUN" starttime="20260201 00:42:05.206" endtime="20260201 00:42:05.206"/>
</branch>
<branch type="ELSE">
<kw name="Log" library="BuiltIn">
<arg>⚠️ Skipping invalid line: ${line}</arg>
<arg>console=True</arg>
<doc>Logs the given message with the given level.</doc>
<status status="NOT RUN" starttime="20260201 00:42:05.206" endtime="20260201 00:42:05.206"/>
</kw>
<status status="NOT RUN" starttime="20260201 00:42:05.206" endtime="20260201 00:42:05.207"/>
</branch>
<status status="NOT RUN" starttime="20260201 00:42:05.206" endtime="20260201 00:42:05.207"/>
</if>
<status status="NOT RUN" starttime="20260201 00:42:05.206" endtime="20260201 00:42:05.207"/>
</branch>
<status status="PASS" starttime="20260201 00:42:05.206" endtime="20260201 00:42:05.207"/>
</if>
<status status="PASS" starttime="20260201 00:42:05.203" endtime="20260201 00:42:05.207"/>
</iter>
<iter>
<var name="${line}">css=.search-section input[type="text"]  </var>
<kw name="Strip String" library="String">
<var>${line}</var>
<arg>${line}</arg>
<doc>Remove leading and/or trailing whitespaces from the given string.</doc>
<msg timestamp="20260201 00:42:05.207" level="INFO">${line} = css=.search-section input[type="text"]</msg>
<status status="PASS" starttime="20260201 00:42:05.207" endtime="20260201 00:42:05.207"/>
</kw>
<kw name="Get Length" library="BuiltIn">
<var>${line_length}</var>
<arg>${line}</arg>
<doc>Returns and logs the length of the given item as an integer.</doc>
<msg timestamp="20260201 00:42:05.207" level="INFO">Length is 38</msg>
<msg timestamp="20260201 00:42:05.207" level="INFO">${line_length} = 38</msg>
<status status="PASS" starttime="20260201 00:42:05.207" endtime="20260201 00:42:05.207"/>
</kw>
<kw name="Continue For Loop If" library="BuiltIn">
<arg>${line_length} == 0</arg>
<doc>Skips the current FOR loop iteration if the ``condition`` is true.</doc>
<status status="PASS" starttime="20260201 00:42:05.207" endtime="20260201 00:42:05.207"/>
</kw>
<kw name="Run Keyword And Return Status" library="BuiltIn">
<var>${is_comment}</var>
<arg>Should Start With</arg>
<arg>${line}</arg>
<arg>\#</arg>
<doc>Runs the given keyword with given arguments and returns the status as a Boolean value.</doc>
<kw name="Should Start With" library="BuiltIn">
<arg>${line}</arg>
<arg>\#</arg>
<doc>Fails if the string ``str1`` does not start with the string ``str2``.</doc>
<msg timestamp="20260201 00:42:05.207" level="FAIL">'css=.search-section input[type="text"]' does not start with '#'</msg>
<status status="FAIL" starttime="20260201 00:42:05.207" endtime="20260201 00:42:05.207"/>
</kw>
<msg timestamp="20260201 00:42:05.207" level="INFO">${is_comment} = False</msg>
<status status="PASS" starttime="20260201 00:42:05.207" endtime="20260201 00:42:05.207"/>
</kw>
<kw name="Continue For Loop If" library="BuiltIn">
<arg>${is_comment}</arg>
<doc>Skips the current FOR loop iteration if the ``condition`` is true.</doc>
<status status="PASS" starttime="20260201 00:42:05.207" endtime="20260201 00:42:05.208"/>
</kw>
<kw name="Run Keyword And Return Status" library="BuiltIn">
<var>${is_id_selector}</var>
<arg>Should Start With</arg>
<arg>${line}</arg>
<arg>id=</arg>
<doc>Runs the given keyword with given arguments and returns the status as a Boolean value.</doc>
<kw name="Should Start With" library="BuiltIn">
<arg>${line}</arg>
<arg>id=</arg>
<doc>Fails if the string ``str1`` does not start with the string ``str2``.</doc>
<msg timestamp="20260201 00:42:05.208" level="FAIL">'css=.search-section input[type="text"]' does not start with 'id='</msg>
<status status="FAIL" starttime="20260201 00:42:05.208" endtime="20260201 00:42:05.208"/>
</kw>
<msg timestamp="20260201 00:42:05.208" level="INFO">${is_id_selector} = False</msg>
<status status="PASS" starttime="20260201 00:42:05.208" endtime="20260201 00:42:05.208"/>
</kw>
<kw name="Run Keyword And Return Status" library="BuiltIn">
<var>${is_css_selector}</var>
<arg>Should Start With</arg>
<arg>${line}</arg>
<arg>css=</arg>
<doc>Runs the given keyword with given arguments and returns the status as a Boolean value.</doc>
<kw name="Should Start With" library="BuiltIn">
<arg>${line}</arg>
<arg>css=</arg>
<doc>Fails if the string ``str1`` does not start with the string ``str2``.</doc>
<status status="PASS" starttime="20260201 00:42:05.208" endtime="20260201 00:42:05.208"/>
</kw>
<msg timestamp="20260201 00:42:05.208" level="INFO">${is_css_selector} = True</msg>
<status status="PASS" starttime="20260201 00:42:05.208" endtime="20260201 00:42:05.208"/>
</kw>
<kw name="Run Keyword And Return Status" library="BuiltIn">
<var>${is_xpath_selector}</var>
<arg>Should Start With</arg>
<arg>${line}</arg>
<arg>xpath=</arg>
<doc>Runs the given keyword with given arguments and returns the status as a Boolean value.</doc>
<kw name="Should Start With" library="BuiltIn">
<arg>${line}</arg>
<arg>xpath=</arg>
<doc>Fails if the string ``str1`` does not start with the string ``str2``.</doc>
<msg timestamp="20260201 00:42:05.208" level="FAIL">'css=.search-section input[type="text"]' does not start with 'xpath='</msg>
<status status="FAIL" starttime="20260201 00:42:05.208" endtime="20260201 00:42:05.209"/>
</kw>
<msg timestamp="20260201 00:42:05.209" level="INFO">${is_xpath_selector} = False</msg>
<status status="PASS" starttime="20260201 00:42:05.208" endtime="20260201 00:42:05.209"/>
</kw>
<kw name="Run Keyword And Return Status" library="BuiltIn">
<var>${is_name_selector}</var>
<arg>Should Start With</arg>
<arg>${line}</arg>
<arg>name=</arg>
<doc>Runs the given keyword with given arguments and returns the status as a Boolean value.</doc>
<kw name="Should Start With" library="BuiltIn">
<arg>${line}</arg>
<arg>name=</arg>
<doc>Fails if the string ``str1`` does not start with the string ``str2``.</doc>
<msg timestamp="20260201 00:42:05.209" level="FAIL">'css=.search-section input[type="text"]' does not start with 'name='</msg>
<status status="FAIL" starttime="20260201 00:42:05.209" endtime="20260201 00:42:05.209"/>
</kw>
<msg timestamp="20260201 00:42:05.209" level="INFO">${is_name_selector} = False</msg>
<status status="PASS" starttime="20260201 00:42:05.209" endtime="20260201 00:42:05.209"/>
</kw>
<kw name="Evaluate" library="BuiltIn">
<var>${is_valid_selector}</var>
<arg>${is_id_selector} or ${is_css_selector} or ${is_xpath_selector} or ${is_name_selector}</arg>
<doc>Evaluates the given expression in Python and returns the result.</doc>
<msg timestamp="20260201 00:42:05.209" level="INFO">${is_valid_selector} = True</msg>
<status status="PASS" starttime="20260201 00:42:05.209" endtime="20260201 00:42:05.209"/>
</kw>
<if>
<branch type="IF" condition="${is_valid_selector}">
<kw name="Log" library="BuiltIn">
<arg>🎯 Found valid selector: ${line}</arg>
<arg>console=True</arg>
<doc>Logs the given message with the given level.</doc>
<msg timestamp="20260201 00:42:05.209" level="INFO">🎯 Found valid selector: css=.search-section input[type="text"]</msg>
<status status="PASS" starttime="20260201 00:42:05.209" endtime="20260201 00:42:05.209"/>
</kw>
<kw name="Append To List" library="Collections">
<arg>${selectors}</arg>
<arg>${line}</arg>
<doc>Adds ``values`` to the end of ``list``.</doc>
<status status="PASS" starttime="20260201 00:42:05.209" endtime="20260201 00:42:05.209"/>
</kw>
<status status="PASS" starttime="20260201 00:42:05.209" endtime="20260201 00:42:05.209"/>
</branch>
<branch type="ELSE">
<kw name="Extract Selector From Text">
<var>${extracted}</var>
<arg>${line}</arg>
<doc>Extracts CSS/XPath selectors from AI descriptive text</doc>
<status status="NOT RUN" starttime="20260201 00:42:05.210" endtime="20260201 00:42:05.210"/>
</kw>
<kw name="Get Length" library="BuiltIn">
<var>${extracted_length}</var>
<arg>${extracted}</arg>
<doc>Returns and logs the length of the given item as an integer.</doc>
<status status="NOT RUN" starttime="20260201 00:42:05.210" endtime="20260201 00:42:05.210"/>
</kw>
<if>
<branch type="IF" condition="${extracted_length} &gt; 0">
<kw name="Log" library="BuiltIn">
<arg>🔍 Extracted selector from text: ${extracted}</arg>
<arg>console=True</arg>
<doc>Logs the given message with the given level.</doc>
<status status="NOT RUN" starttime="20260201 00:42:05.210" endtime="20260201 00:42:05.210"/>
</kw>
<kw name="Append To List" library="Collections">
<arg>${selectors}</arg>
<arg>${extracted}</arg>
<doc>Adds ``values`` to the end of ``list``.</doc>
<status status="NOT RUN" starttime="20260201 00:42:05.210" endtime="20260201 00:42:05.210"/>
</kw>
<status status="NOT RUN" starttime="20260201 00:42:05.210" endtime="20260201 00:42:05.210"/>
</branch>
<branch type="ELSE">
<kw name="Log" library="BuiltIn">
<arg>⚠️ Skipping invalid line: ${line}</arg>
<arg>console=True</arg>
<doc>Logs the given message with the given level.</doc>
<status status="NOT RUN" starttime="20260201 00:42:05.210" endtime="20260201 00:42:05.210"/>
</kw>
<status status="NOT RUN" starttime="20260201 00:42:05.210" endtime="20260201 00:42:05.210"/>
</branch>
<status status="NOT RUN" starttime="20260201 00:42:05.210" endtime="20260201 00:42:05.210"/>
</if>
<status status="NOT RUN" starttime="20260201 00:42:05.209" endtime="20260201 00:42:05.210"/>
</branch>
<status status="PASS" starttime="20260201 00:42:05.209" endtime="20260201 00:42:05.210"/>
</if>
<status status="PASS" starttime="20260201 00:42:05.207" endtime="20260201 00:42:05.210"/>
</iter>
<status status="PASS" starttime="20260201 00:42:05.187" endtime="20260201 00:42:05.210"/>
</for>
<kw name="Get Length" library="BuiltIn">
<var>${selector_count}</var>
<arg>${selectors}</arg>
<doc>Returns and logs the length of the given item as an integer.</doc>
<msg timestamp="20260201 00:42:05.210" level="INFO">Length is 5</msg>
<msg timestamp="20260201 00:42:05.210" level="INFO">${selector_count} = 5</msg>
<status status="PASS" starttime="20260201 00:42:05.210" endtime="20260201 00:42:05.210"/>
</kw>
<kw name="Log" library="BuiltIn">
<arg>📋 Parsed ${selector_count} valid selectors from AI response</arg>
<arg>console=True</arg>
<doc>Logs the given message with the given level.</doc>
<msg timestamp="20260201 00:42:05.210" level="INFO">📋 Parsed 5 valid selectors from AI response</msg>
<status status="PASS" starttime="20260201 00:42:05.210" endtime="20260201 00:42:05.210"/>
</kw>
<return>
<value>${selectors}</value>
<status status="PASS" starttime="20260201 00:42:05.210" endtime="20260201 00:42:05.210"/>
</return>
<msg timestamp="20260201 00:42:05.210" level="INFO">${selectors} = ['id=product-finder-input', 'css=#product-finder-input', "xpath=//input[@id='product-finder-input']", "xpath=//div[@class='search-section']//input[@type='text']", 'css=.search-section input[type="text...</msg>
<status status="PASS" starttime="20260201 00:42:05.186" endtime="20260201 00:42:05.210"/>
</kw>
<kw name="Get Length" library="BuiltIn">
<var>${selector_count}</var>
<arg>${selectors}</arg>
<doc>Returns and logs the length of the given item as an integer.</doc>
<msg timestamp="20260201 00:42:05.211" level="INFO">Length is 5</msg>
<msg timestamp="20260201 00:42:05.211" level="INFO">${selector_count} = 5</msg>
<status status="PASS" starttime="20260201 00:42:05.210" endtime="20260201 00:42:05.211"/>
</kw>
<kw name="Log" library="BuiltIn">
<arg>🤖 AI generated ${selector_count} selector suggestions</arg>
<arg>console=True</arg>
<doc>Logs the given message with the given level.</doc>
<msg timestamp="20260201 00:42:05.211" level="INFO">🤖 AI generated 5 selector suggestions</msg>
<status status="PASS" starttime="20260201 00:42:05.211" endtime="20260201 00:42:05.211"/>
</kw>
<return>
<value>${selectors}</value>
<status status="PASS" starttime="20260201 00:42:05.211" endtime="20260201 00:42:05.211"/>
</return>
<status status="PASS" starttime="20260201 00:42:01.990" endtime="20260201 00:42:05.211"/>
</branch>
<branch type="EXCEPT" variable="${error}">
<kw name="Log" library="BuiltIn">
<arg>❌ AI Gateway call failed: ${error}</arg>
<arg>console=True</arg>
<doc>Logs the given message with the given level.</doc>
<status status="NOT RUN" starttime="20260201 00:42:05.211" endtime="20260201 00:42:05.211"/>
</kw>
<kw name="Log" library="BuiltIn">
<arg>🔄 Falling back to demo mode selectors...</arg>
<arg>console=True</arg>
<doc>Logs the given message with the given level.</doc>
<status status="NOT RUN" starttime="20260201 00:42:05.211" endtime="20260201 00:42:05.211"/>
</kw>
<kw name="Create List" library="BuiltIn">
<var>${fallback_selectors}</var>
<arg>css=input[type="text"]</arg>
<arg>css=input[placeholder*="search"]</arg>
<arg>css=button[type="submit"]</arg>
<arg>css=.btn</arg>
<arg>xpath=//input[@type="text"]</arg>
<arg>xpath=//button[contains(text(),"Search")]</arg>
<doc>Returns a list containing given items.</doc>
<status status="NOT RUN" starttime="20260201 00:42:05.211" endtime="20260201 00:42:05.211"/>
</kw>
<kw name="Log" library="BuiltIn">
<arg>🤖 Using ${fallback_selectors.__len__()} fallback selectors</arg>
<arg>console=True</arg>
<doc>Logs the given message with the given level.</doc>
<status status="NOT RUN" starttime="20260201 00:42:05.211" endtime="20260201 00:42:05.211"/>
</kw>
<return>
<value>${fallback_selectors}</value>
<status status="NOT RUN" starttime="20260201 00:42:05.211" endtime="20260201 00:42:05.211"/>
</return>
<status status="NOT RUN" starttime="20260201 00:42:05.211" endtime="20260201 00:42:05.211"/>
</branch>
<status status="PASS" starttime="20260201 00:42:01.990" endtime="20260201 00:42:05.211"/>
</try>
<msg timestamp="20260201 00:42:05.211" level="INFO">${ai_suggestions} = ['id=product-finder-input', 'css=#product-finder-input', "xpath=//input[@id='product-finder-input']", "xpath=//div[@class='search-section']//input[@type='text']", 'css=.search-section input[type="text...</msg>
<status status="PASS" starttime="20260201 00:42:01.989" endtime="20260201 00:42:05.211"/>
</kw>
<for flavor="IN">
<var>${suggestion}</var>
<value>@{ai_suggestions}</value>
<iter>
<var name="${suggestion}">id=product-finder-input</var>
<kw name="Strip String" library="String">
<var>${suggestion}</var>
<arg>${suggestion}</arg>
<doc>Remove leading and/or trailing whitespaces from the given string.</doc>
<msg timestamp="20260201 00:42:05.211" level="INFO">${suggestion} = id=product-finder-input</msg>
<status status="PASS" starttime="20260201 00:42:05.211" endtime="20260201 00:42:05.211"/>
</kw>
<kw name="Continue For Loop If" library="BuiltIn">
<arg>"${suggestion}" == ""</arg>
<doc>Skips the current FOR loop iteration if the ``condition`` is true.</doc>
<status status="PASS" starttime="20260201 00:42:05.212" endtime="20260201 00:42:05.212"/>
</kw>
<kw name="Log" library="BuiltIn">
<arg>🧠 Trying AI suggestion: ${suggestion}</arg>
<arg>console=True</arg>
<doc>Logs the given message with the given level.</doc>
<msg timestamp="20260201 00:42:05.212" level="INFO">🧠 Trying AI suggestion: id=product-finder-input</msg>
<status status="PASS" starttime="20260201 00:42:05.212" endtime="20260201 00:42:05.212"/>
</kw>
<kw name="Run Keyword And Return Status" library="BuiltIn">
<var>${found}</var>
<arg>Wait Until Element Is Visible</arg>
<arg>${suggestion}</arg>
<arg>timeout=2s</arg>
<doc>Runs the given keyword with given arguments and returns the status as a Boolean value.</doc>
<kw name="Wait Until Element Is Visible" library="SeleniumLibrary">
<arg>${suggestion}</arg>
<arg>timeout=2s</arg>
<doc>Waits until the element ``locator`` is visible.</doc>
<status status="PASS" starttime="20260201 00:42:05.212" endtime="20260201 00:42:05.276"/>
</kw>
<msg timestamp="20260201 00:42:05.276" level="INFO">${found} = True</msg>
<status status="PASS" starttime="20260201 00:42:05.212" endtime="20260201 00:42:05.276"/>
</kw>
<if>
<branch type="IF" condition="${found}">
<kw name="Log" library="BuiltIn">
<arg>🎯 REAL AI SUCCESS: Found element using ${suggestion}</arg>
<arg>console=True</arg>
<doc>Logs the given message with the given level.</doc>
<msg timestamp="20260201 00:42:05.277" level="INFO">🎯 REAL AI SUCCESS: Found element using id=product-finder-input</msg>
<status status="PASS" starttime="20260201 00:42:05.277" endtime="20260201 00:42:05.277"/>
</kw>
<return>
<value>${suggestion}</value>
<status status="PASS" starttime="20260201 00:42:05.277" endtime="20260201 00:42:05.277"/>
</return>
<status status="PASS" starttime="20260201 00:42:05.276" endtime="20260201 00:42:05.277"/>
</branch>
<branch type="ELSE">
<kw name="Log" library="BuiltIn">
<arg>❌ AI suggestion failed: ${suggestion}</arg>
<arg>console=True</arg>
<doc>Logs the given message with the given level.</doc>
<status status="NOT RUN" starttime="20260201 00:42:05.277" endtime="20260201 00:42:05.277"/>
</kw>
<status status="NOT RUN" starttime="20260201 00:42:05.277" endtime="20260201 00:42:05.277"/>
</branch>
<status status="PASS" starttime="20260201 00:42:05.276" endtime="20260201 00:42:05.277"/>
</if>
<status status="PASS" starttime="20260201 00:42:05.211" endtime="20260201 00:42:05.277"/>
</iter>
<status status="PASS" starttime="20260201 00:42:05.211" endtime="20260201 00:42:05.277"/>
</for>
<kw name="Fail" library="BuiltIn">
<arg>🤖 REAL AI could not find element: ${element_description}</arg>
<doc>Fails the test with the given message and optionally alters its tags.</doc>
<status status="NOT RUN" starttime="20260201 00:42:05.277" endtime="20260201 00:42:05.277"/>
</kw>
<msg timestamp="20260201 00:42:05.277" level="INFO">${search_locator} = id=product-finder-input</msg>
<status status="PASS" starttime="20260201 00:42:01.973" endtime="20260201 00:42:05.277"/>
</kw>
<kw name="Input Text" library="SeleniumLibrary">
<arg>${search_locator}</arg>
<arg>${PRODUCT_NAME}</arg>
<doc>Types the given ``text`` into the text field identified by ``locator``.</doc>
<msg timestamp="20260201 00:42:05.278" level="INFO">Typing text 'Robot Framework Book' into text field 'id=product-finder-input'.</msg>
<status status="PASS" starttime="20260201 00:42:05.277" endtime="20260201 00:42:05.410"/>
</kw>
<kw name="Log" library="BuiltIn">
<arg>🎯 REAL AI found search box: ${search_locator}</arg>
<arg>console=True</arg>
<doc>Logs the given message with the given level.</doc>
<msg timestamp="20260201 00:42:05.411" level="INFO">🎯 REAL AI found search box: id=product-finder-input</msg>
<status status="PASS" starttime="20260201 00:42:05.411" endtime="20260201 00:42:05.412"/>
</kw>
<kw name="Log" library="BuiltIn">
[...]
</kw>
<status status="NOT RUN" starttime="20260201 00:42:10.444" endtime="20260201 00:42:10.445"/>
</branch>
<status status="NOT RUN" starttime="20260201 00:42:10.444" endtime="20260201 00:42:10.445"/>
</if>
<status status="NOT RUN" starttime="20260201 00:42:10.444" endtime="20260201 00:42:10.445"/>
</branch>
<status status="PASS" starttime="20260201 00:42:10.444" endtime="20260201 00:42:10.445"/>
</if>
<status status="PASS" starttime="20260201 00:42:10.441" endtime="20260201 00:42:10.445"/>
</iter>
<iter>
<var name="${line}">xpath=//div[@class='success' and contains(text(), 'Item added successfully')]  </var>
<kw name="Strip String" library="String">
<var>${line}</var>
<arg>${line}</arg>
<doc>Remove leading and/or trailing whitespaces from the given string.</doc>
<msg timestamp="20260201 00:42:10.445" level="INFO">${line} = xpath=//div[@class='success' and contains(text(), 'Item added successfully')]</msg>
<status status="PASS" starttime="20260201 00:42:10.445" endtime="20260201 00:42:10.445"/>
</kw>
<kw name="Get Length" library="BuiltIn">
<var>${line_length}</var>
<arg>${line}</arg>
<doc>Returns and logs the length of the given item as an integer.</doc>
<msg timestamp="20260201 00:42:10.445" level="INFO">Length is 77</msg>
<msg timestamp="20260201 00:42:10.445" level="INFO">${line_length} = 77</msg>
<status status="PASS" starttime="20260201 00:42:10.445" endtime="20260201 00:42:10.445"/>
</kw>
<kw name="Continue For Loop If" library="BuiltIn">
<arg>${line_length} == 0</arg>
<doc>Skips the current FOR loop iteration if the ``condition`` is true.</doc>
<status status="PASS" starttime="20260201 00:42:10.445" endtime="20260201 00:42:10.445"/>
</kw>
<kw name="Run Keyword And Return Status" library="BuiltIn">
<var>${is_comment}</var>
<arg>Should Start With</arg>
<arg>${line}</arg>
<arg>\#</arg>
<doc>Runs the given keyword with given arguments and returns the status as a Boolean value.</doc>
<kw name="Should Start With" library="BuiltIn">
<arg>${line}</arg>
<arg>\#</arg>
<doc>Fails if the string ``str1`` does not start with the string ``str2``.</doc>
<msg timestamp="20260201 00:42:10.445" level="FAIL">'xpath=//div[@class='success' and contains(text(), 'Item added successfully')]' does not start with '#'</msg>
<status status="FAIL" starttime="20260201 00:42:10.445" endtime="20260201 00:42:10.445"/>
</kw>
<msg timestamp="20260201 00:42:10.445" level="INFO">${is_comment} = False</msg>
<status status="PASS" starttime="20260201 00:42:10.445" endtime="20260201 00:42:10.445"/>
</kw>
<kw name="Continue For Loop If" library="BuiltIn">
<arg>${is_comment}</arg>
<doc>Skips the current FOR loop iteration if the ``condition`` is true.</doc>
<status status="PASS" starttime="20260201 00:42:10.445" endtime="20260201 00:42:10.446"/>
</kw>
<kw name="Run Keyword And Return Status" library="BuiltIn">
<var>${is_id_selector}</var>
<arg>Should Start With</arg>
<arg>${line}</arg>
<arg>id=</arg>
<doc>Runs the given keyword with given arguments and returns the status as a Boolean value.</doc>
<kw name="Should Start With" library="BuiltIn">
<arg>${line}</arg>
<arg>id=</arg>
<doc>Fails if the string ``str1`` does not start with the string ``str2``.</doc>
<msg timestamp="20260201 00:42:10.446" level="FAIL">'xpath=//div[@class='success' and contains(text(), 'Item added successfully')]' does not start with 'id='</msg>
<status status="FAIL" starttime="20260201 00:42:10.446" endtime="20260201 00:42:10.446"/>
</kw>
<msg timestamp="20260201 00:42:10.446" level="INFO">${is_id_selector} = False</msg>
<status status="PASS" starttime="20260201 00:42:10.446" endtime="20260201 00:42:10.446"/>
</kw>
<kw name="Run Keyword And Return Status" library="BuiltIn">
<var>${is_css_selector}</var>
<arg>Should Start With</arg>
<arg>${line}</arg>
<arg>css=</arg>
<doc>Runs the given keyword with given arguments and returns the status as a Boolean value.</doc>
<kw name="Should Start With" library="BuiltIn">
<arg>${line}</arg>
<arg>css=</arg>
<doc>Fails if the string ``str1`` does not start with the string ``str2``.</doc>
<msg timestamp="20260201 00:42:10.446" level="FAIL">'xpath=//div[@class='success' and contains(text(), 'Item added successfully')]' does not start with 'css='</msg>
<status status="FAIL" starttime="20260201 00:42:10.446" endtime="20260201 00:42:10.446"/>
</kw>
<msg timestamp="20260201 00:42:10.446" level="INFO">${is_css_selector} = False</msg>
<status status="PASS" starttime="20260201 00:42:10.446" endtime="20260201 00:42:10.446"/>
</kw>
<kw name="Run Keyword And Return Status" library="BuiltIn">
<var>${is_xpath_selector}</var>
<arg>Should Start With</arg>
<arg>${line}</arg>
<arg>xpath=</arg>
<doc>Runs the given keyword with given arguments and returns the status as a Boolean value.</doc>
<kw name="Should Start With" library="BuiltIn">
<arg>${line}</arg>
<arg>xpath=</arg>
<doc>Fails if the string ``str1`` does not start with the string ``str2``.</doc>
<status status="PASS" starttime="20260201 00:42:10.446" endtime="20260201 00:42:10.446"/>
</kw>
<msg timestamp="20260201 00:42:10.446" level="INFO">${is_xpath_selector} = True</msg>
<status status="PASS" starttime="20260201 00:42:10.446" endtime="20260201 00:42:10.446"/>
</kw>
<kw name="Run Keyword And Return Status" library="BuiltIn">
<var>${is_name_selector}</var>
<arg>Should Start With</arg>
<arg>${line}</arg>
<arg>name=</arg>
<doc>Runs the given keyword with given arguments and returns the status as a Boolean value.</doc>
<kw name="Should Start With" library="BuiltIn">
<arg>${line}</arg>
<arg>name=</arg>
<doc>Fails if the string ``str1`` does not start with the string ``str2``.</doc>
<msg timestamp="20260201 00:42:10.447" level="FAIL">'xpath=//div[@class='success' and contains(text(), 'Item added successfully')]' does not start with 'name='</msg>
<status status="FAIL" starttime="20260201 00:42:10.447" endtime="20260201 00:42:10.447"/>
</kw>
<msg timestamp="20260201 00:42:10.447" level="INFO">${is_name_selector} = False</msg>
<status status="PASS" starttime="20260201 00:42:10.447" endtime="20260201 00:42:10.447"/>
</kw>
<kw name="Evaluate" library="BuiltIn">
<var>${is_valid_selector}</var>
<arg>${is_id_selector} or ${is_css_selector} or ${is_xpath_selector} or ${is_name_selector}</arg>
<doc>Evaluates the given expression in Python and returns the result.</doc>
<msg timestamp="20260201 00:42:10.447" level="INFO">${is_valid_selector} = True</msg>
<status status="PASS" starttime="20260201 00:42:10.447" endtime="20260201 00:42:10.447"/>
</kw>
<if>
<branch type="IF" condition="${is_valid_selector}">
<kw name="Log" library="BuiltIn">
<arg>🎯 Found valid selector: ${line}</arg>
<arg>console=True</arg>
<doc>Logs the given message with the given level.</doc>
<msg timestamp="20260201 00:42:10.447" level="INFO">🎯 Found valid selector: xpath=//div[@class='success' and contains(text(), 'Item added successfully')]</msg>
<status status="PASS" starttime="20260201 00:42:10.447" endtime="20260201 00:42:10.447"/>
</kw>
<kw name="Append To List" library="Collections">
<arg>${selectors}</arg>
<arg>${line}</arg>
<doc>Adds ``values`` to the end of ``list``.</doc>
<status status="PASS" starttime="20260201 00:42:10.447" endtime="20260201 00:42:10.447"/>
</kw>
<status status="PASS" starttime="20260201 00:42:10.447" endtime="20260201 00:42:10.448"/>
</branch>
<branch type="ELSE">
<kw name="Extract Selector From Text">
<var>${extracted}</var>
<arg>${line}</arg>
<doc>Extracts CSS/XPath selectors from AI descriptive text</doc>
<status status="NOT RUN" starttime="20260201 00:42:10.448" endtime="20260201 00:42:10.448"/>
</kw>
<kw name="Get Length" library="BuiltIn">
<var>${extracted_length}</var>
<arg>${extracted}</arg>
<doc>Returns and logs the length of the given item as an integer.</doc>
<status status="NOT RUN" starttime="20260201 00:42:10.448" endtime="20260201 00:42:10.448"/>
</kw>
<if>
<branch type="IF" condition="${extracted_length} &gt; 0">
<kw name="Log" library="BuiltIn">
<arg>🔍 Extracted selector from text: ${extracted}</arg>
<arg>console=True</arg>
<doc>Logs the given message with the given level.</doc>
<status status="NOT RUN" starttime="20260201 00:42:10.448" endtime="20260201 00:42:10.448"/>
</kw>
<kw name="Append To List" library="Collections">
<arg>${selectors}</arg>
<arg>${extracted}</arg>
<doc>Adds ``values`` to the end of ``list``.</doc>
<status status="NOT RUN" starttime="20260201 00:42:10.448" endtime="20260201 00:42:10.448"/>
</kw>
<status status="NOT RUN" starttime="20260201 00:42:10.448" endtime="20260201 00:42:10.448"/>
</branch>
<branch type="ELSE">
<kw name="Log" library="BuiltIn">
<arg>⚠️ Skipping invalid line: ${line}</arg>
<arg>console=True</arg>
<doc>Logs the given message with the given level.</doc>
<status status="NOT RUN" starttime="20260201 00:42:10.448" endtime="20260201 00:42:10.448"/>
</kw>
<status status="NOT RUN" starttime="20260201 00:42:10.448" endtime="20260201 00:42:10.448"/>
</branch>
<status status="NOT RUN" starttime="20260201 00:42:10.448" endtime="20260201 00:42:10.448"/>
</if>
<status status="NOT RUN" starttime="20260201 00:42:10.448" endtime="20260201 00:42:10.448"/>
</branch>
<status status="PASS" starttime="20260201 00:42:10.447" endtime="20260201 00:42:10.448"/>
</if>
<status status="PASS" starttime="20260201 00:42:10.445" endtime="20260201 00:42:10.448"/>
</iter>
<status status="PASS" starttime="20260201 00:42:10.427" endtime="20260201 00:42:10.448"/>
</for>
<kw name="Get Length" library="BuiltIn">
<var>${selector_count}</var>
<arg>${selectors}</arg>
<doc>Returns and logs the length of the given item as an integer.</doc>
<msg timestamp="20260201 00:42:10.448" level="INFO">Length is 5</msg>
<msg timestamp="20260201 00:42:10.448" level="INFO">${selector_count} = 5</msg>
<status status="PASS" starttime="20260201 00:42:10.448" endtime="20260201 00:42:10.448"/>
</kw>
<kw name="Log" library="BuiltIn">
<arg>📋 Parsed ${selector_count} valid selectors from AI response</arg>
<arg>console=True</arg>
<doc>Logs the given message with the given level.</doc>
<msg timestamp="20260201 00:42:10.448" level="INFO">📋 Parsed 5 valid selectors from AI response</msg>
<status status="PASS" starttime="20260201 00:42:10.448" endtime="20260201 00:42:10.448"/>
</kw>
<return>
<value>${selectors}</value>
<status status="PASS" starttime="20260201 00:42:10.448" endtime="20260201 00:42:10.448"/>
</return>
<msg timestamp="20260201 00:42:10.448" level="INFO">${selectors} = ['id=cart-confirmation-message', 'css=.success', "xpath=//div[@id='cart-confirmation-message']", "xpath=//div[contains(@class, 'success') and text()='Item added successfully']", "xpath=//div[@class='s...</msg>
<status status="PASS" starttime="20260201 00:42:10.426" endtime="20260201 00:42:10.448"/>
</kw>
<kw name="Get Length" library="BuiltIn">
<var>${selector_count}</var>
<arg>${selectors}</arg>
<doc>Returns and logs the length of the given item as an integer.</doc>
<msg timestamp="20260201 00:42:10.449" level="INFO">Length is 5</msg>
<msg timestamp="20260201 00:42:10.449" level="INFO">${selector_count} = 5</msg>
<status status="PASS" starttime="20260201 00:42:10.449" endtime="20260201 00:42:10.449"/>
</kw>
<kw name="Log" library="BuiltIn">
<arg>🤖 AI generated ${selector_count} selector suggestions</arg>
<arg>console=True</arg>
<doc>Logs the given message with the given level.</doc>
<msg timestamp="20260201 00:42:10.449" level="INFO">🤖 AI generated 5 selector suggestions</msg>
<status status="PASS" starttime="20260201 00:42:10.449" endtime="20260201 00:42:10.449"/>
</kw>
<return>
<value>${selectors}</value>
<status status="PASS" starttime="20260201 00:42:10.449" endtime="20260201 00:42:10.449"/>
</return>
<status status="PASS" starttime="20260201 00:42:08.302" endtime="20260201 00:42:10.449"/>
</branch>
<branch type="EXCEPT" variable="${error}">
<kw name="Log" library="BuiltIn">
<arg>❌ AI Gateway call failed: ${error}</arg>
<arg>console=True</arg>
<doc>Logs the given message with the given level.</doc>
<status status="NOT RUN" starttime="20260201 00:42:10.449" endtime="20260201 00:42:10.449"/>
</kw>
<kw name="Log" library="BuiltIn">
<arg>🔄 Falling back to demo mode selectors...</arg>
<arg>console=True</arg>
<doc>Logs the given message with the given level.</doc>
<status status="NOT RUN" starttime="20260201 00:42:10.449" endtime="20260201 00:42:10.449"/>
</kw>
<kw name="Create List" library="BuiltIn">
<var>${fallback_selectors}</var>
<arg>css=input[type="text"]</arg>
<arg>css=input[placeholder*="search"]</arg>
<arg>css=button[type="submit"]</arg>
<arg>css=.btn</arg>
<arg>xpath=//input[@type="text"]</arg>
<arg>xpath=//button[contains(text(),"Search")]</arg>
<doc>Returns a list containing given items.</doc>
<status status="NOT RUN" starttime="20260201 00:42:10.449" endtime="20260201 00:42:10.449"/>
</kw>
<kw name="Log" library="BuiltIn">
<arg>🤖 Using ${fallback_selectors.__len__()} fallback selectors</arg>
<arg>console=True</arg>
<doc>Logs the given message with the given level.</doc>
<status status="NOT RUN" starttime="20260201 00:42:10.449" endtime="20260201 00:42:10.449"/>
</kw>
<return>
<value>${fallback_selectors}</value>
<status status="NOT RUN" starttime="20260201 00:42:10.449" endtime="20260201 00:42:10.449"/>
</return>
<status status="NOT RUN" starttime="20260201 00:42:10.449" endtime="20260201 00:42:10.449"/>
</branch>
<status status="PASS" starttime="20260201 00:42:08.302" endtime="20260201 00:42:10.449"/>
</try>
<msg timestamp="20260201 00:42:10.449" level="INFO">${ai_suggestions} = ['id=cart-confirmation-message', 'css=.success', "xpath=//div[@id='cart-confirmation-message']", "xpath=//div[contains(@class, 'success') and text()='Item added successfully']", "xpath=//div[@class='s...</msg>
<status status="PASS" starttime="20260201 00:42:08.302" endtime="20260201 00:42:10.449"/>
</kw>
<for flavor="IN">
<var>${suggestion}</var>
<value>@{ai_suggestions}</value>
<iter>
<var name="${suggestion}">id=cart-confirmation-message</var>
<kw name="Strip String" library="String">
<var>${suggestion}</var>
<arg>${suggestion}</arg>
<doc>Remove leading and/or trailing whitespaces from the given string.</doc>
<msg timestamp="20260201 00:42:10.450" level="INFO">${suggestion} = id=cart-confirmation-message</msg>
<status status="PASS" starttime="20260201 00:42:10.450" endtime="20260201 00:42:10.450"/>
</kw>
<kw name="Continue For Loop If" library="BuiltIn">
<arg>"${suggestion}" == ""</arg>
<doc>Skips the current FOR loop iteration if the ``condition`` is true.</doc>
<status status="PASS" starttime="20260201 00:42:10.450" endtime="20260201 00:42:10.450"/>
</kw>
<kw name="Log" library="BuiltIn">
<arg>🧠 Trying AI suggestion: ${suggestion}</arg>
<arg>console=True</arg>
<doc>Logs the given message with the given level.</doc>
<msg timestamp="20260201 00:42:10.450" level="INFO">🧠 Trying AI suggestion: id=cart-confirmation-message</msg>
<status status="PASS" starttime="20260201 00:42:10.450" endtime="20260201 00:42:10.450"/>
</kw>
<kw name="Run Keyword And Return Status" library="BuiltIn">
<var>${found}</var>
<arg>Wait Until Element Is Visible</arg>
<arg>${suggestion}</arg>
<arg>timeout=2s</arg>
<doc>Runs the given keyword with given arguments and returns the status as a Boolean value.</doc>
<kw name="Wait Until Element Is Visible" library="SeleniumLibrary">
<arg>${suggestion}</arg>
<arg>timeout=2s</arg>
<doc>Waits until the element ``locator`` is visible.</doc>
<status status="PASS" starttime="20260201 00:42:10.450" endtime="20260201 00:42:10.465"/>
</kw>
<msg timestamp="20260201 00:42:10.465" level="INFO">${found} = True</msg>
<status status="PASS" starttime="20260201 00:42:10.450" endtime="20260201 00:42:10.465"/>
</kw>
<if>
<branch type="IF" condition="${found}">
<kw name="Log" library="BuiltIn">
<arg>🎯 REAL AI SUCCESS: Found element using ${suggestion}</arg>
<arg>console=True</arg>
<doc>Logs the given message with the given level.</doc>
<msg timestamp="20260201 00:42:10.465" level="INFO">🎯 REAL AI SUCCESS: Found element using id=cart-confirmation-message</msg>
<status status="PASS" starttime="20260201 00:42:10.465" endtime="20260201 00:42:10.465"/>
</kw>
<return>
<value>${suggestion}</value>
<status status="PASS" starttime="20260201 00:42:10.465" endtime="20260201 00:42:10.465"/>
</return>
<status status="PASS" starttime="20260201 00:42:10.465" endtime="20260201 00:42:10.466"/>
</branch>
<branch type="ELSE">
<kw name="Log" library="BuiltIn">
<arg>❌ AI suggestion failed: ${suggestion}</arg>
<arg>console=True</arg>
<doc>Logs the given message with the given level.</doc>
<status status="NOT RUN" starttime="20260201 00:42:10.466" endtime="20260201 00:42:10.466"/>
</kw>
<status status="NOT RUN" starttime="20260201 00:42:10.466" endtime="20260201 00:42:10.466"/>
</branch>
<status status="PASS" starttime="20260201 00:42:10.465" endtime="20260201 00:42:10.466"/>
</if>
<status status="PASS" starttime="20260201 00:42:10.449" endtime="20260201 00:42:10.466"/>
</iter>
<status status="PASS" starttime="20260201 00:42:10.449" endtime="20260201 00:42:10.466"/>
</for>
<kw name="Fail" library="BuiltIn">
<arg>🤖 REAL AI could not find element: ${element_description}</arg>
<doc>Fails the test with the given message and optionally alters its tags.</doc>
<status status="NOT RUN" starttime="20260201 00:42:10.466" endtime="20260201 00:42:10.466"/>
</kw>
<msg timestamp="20260201 00:42:10.466" level="INFO">${success_locator} = id=cart-confirmation-message</msg>
<status status="PASS" starttime="20260201 00:42:08.296" endtime="20260201 00:42:10.466"/>
</kw>
<kw name="Wait Until Element Is Visible" library="SeleniumLibrary">
<arg>${success_locator}</arg>
<arg>timeout=5s</arg>
<doc>Waits until the element ``locator`` is visible.</doc>
<status status="PASS" starttime="20260201 00:42:10.466" endtime="20260201 00:42:10.474"/>
</kw>
<kw name="Get Text" library="SeleniumLibrary">
<var>${success_text}</var>
<arg>${success_locator}</arg>
<doc>Returns the text value of the element identified by ``locator``.</doc>
<msg timestamp="20260201 00:42:10.486" level="INFO">${success_text} = Item added successfully</msg>
<status status="PASS" starttime="20260201 00:42:10.474" endtime="20260201 00:42:10.486"/>
</kw>
<kw name="Log" library="BuiltIn">
<arg>🏆 REAL AI SUCCESS: Found success message "${success_text}"</arg>
<arg>console=True</arg>
<doc>Logs the given message with the given level.</doc>
<msg timestamp="20260201 00:42:10.486" level="INFO">🏆 REAL AI SUCCESS: Found success message "Item added successfully"</msg>
<status status="PASS" starttime="20260201 00:42:10.486" endtime="20260201 00:42:10.486"/>
</kw>
<kw name="Log" library="BuiltIn">
<arg>🎉 Corporate AI integration working perfectly!</arg>
<arg>console=True</arg>
<doc>Logs the given message with the given level.</doc>
<msg timestamp="20260201 00:42:10.486" level="INFO">🎉 Corporate AI integration working perfectly!</msg>
<status status="PASS" starttime="20260201 00:42:10.486" endtime="20260201 00:42:10.486"/>
</kw>
<doc>Uses actual Walmart AI Gateway for intelligent element detection</doc>
<tag>corporate-integration</tag>
<tag>real-ai</tag>
<tag>shopping</tag>
<status status="PASS" starttime="20260201 00:42:01.917" endtime="20260201 00:42:10.486"/>
</test>
<kw name="Close Browser" library="SeleniumLibrary" type="TEARDOWN">
<doc>Closes the current browser.</doc>
<status status="PASS" starttime="20260201 00:42:10.487" endtime="20260201 00:42:10.614"/>
</kw>
<doc>Simple Self-Healing Example - Shopping Cart Test
This shows a real-world example: adding items to a shopping cart
Works even when developers change button names or IDs</doc>
<status status="PASS" starttime="20260201 00:41:59.013" endtime="20260201 00:42:10.614"/>
</suite>
<statistics>
<total>
<stat pass="1" fail="0" skip="0">All Tests</stat>
</total>
<tag>
<stat pass="1" fail="0" skip="0">corporate-integration</stat>
<stat pass="1" fail="0" skip="0">real-ai</stat>
<stat pass="1" fail="0" skip="0">shopping</stat>
</tag>
<suite>
<stat pass="1" fail="0" skip="0" id="s1" name="SimpleShoppingExample">SimpleShoppingExample</stat>
</suite>
</statistics>
<errors>
</errors>
</robot>
